{"C:\\Repos GIT\\Blot.new-DLX\\src\\components\\Dashboard.tsx": {"path":"C:\\Repos GIT\\Blot.new-DLX\\src\\components\\Dashboard.tsx","statementMap":{"0":{"start":{"line":14,"column":30},"end":{"line":14,"column":null}},"1":{"start":{"line":15,"column":24},"end":{"line":20,"column":null}},"2":{"start":{"line":21,"column":28},"end":{"line":21,"column":null}},"3":{"start":{"line":22,"column":24},"end":{"line":22,"column":null}},"4":{"start":{"line":24,"column":2},"end":{"line":26,"column":null}},"5":{"start":{"line":25,"column":4},"end":{"line":25,"column":null}},"6":{"start":{"line":28,"column":28},"end":{"line":77,"column":null}},"7":{"start":{"line":29,"column":4},"end":{"line":76,"column":null}},"8":{"start":{"line":30,"column":6},"end":{"line":30,"column":null}},"9":{"start":{"line":31,"column":6},"end":{"line":31,"column":null}},"10":{"start":{"line":34,"column":6},"end":{"line":39,"column":null}},"11":{"start":{"line":35,"column":8},"end":{"line":35,"column":null}},"12":{"start":{"line":36,"column":8},"end":{"line":36,"column":null}},"13":{"start":{"line":37,"column":8},"end":{"line":37,"column":null}},"14":{"start":{"line":38,"column":8},"end":{"line":38,"column":null}},"15":{"start":{"line":41,"column":62},"end":{"line":44,"column":null}},"16":{"start":{"line":46,"column":6},"end":{"line":46,"column":null}},"17":{"start":{"line":46,"column":25},"end":{"line":46,"column":null}},"18":{"start":{"line":49,"column":27},"end":{"line":49,"column":null}},"19":{"start":{"line":52,"column":25},"end":{"line":52,"column":null}},"20":{"start":{"line":54,"column":8},"end":{"line":54,"column":null}},"21":{"start":{"line":54,"column":44},"end":{"line":54,"column":70}},"22":{"start":{"line":56,"column":8},"end":{"line":56,"column":null}},"23":{"start":{"line":56,"column":44},"end":{"line":56,"column":67}},"24":{"start":{"line":58,"column":42},"end":{"line":60,"column":null}},"25":{"start":{"line":62,"column":33},"end":{"line":62,"column":null}},"26":{"start":{"line":64,"column":6},"end":{"line":64,"column":null}},"27":{"start":{"line":66,"column":6},"end":{"line":71,"column":null}},"28":{"start":{"line":73,"column":6},"end":{"line":73,"column":null}},"29":{"start":{"line":75,"column":6},"end":{"line":75,"column":null}},"30":{"start":{"line":79,"column":23},"end":{"line":108,"column":null}},"31":{"start":{"line":84,"column":20},"end":{"line":84,"column":null}},"32":{"start":{"line":91,"column":20},"end":{"line":91,"column":null}},"33":{"start":{"line":98,"column":20},"end":{"line":98,"column":null}},"34":{"start":{"line":105,"column":20},"end":{"line":105,"column":null}},"35":{"start":{"line":110,"column":20},"end":{"line":115,"column":null}},"36":{"start":{"line":117,"column":2},"end":{"line":126,"column":null}},"37":{"start":{"line":118,"column":4},"end":{"line":124,"column":null}},"38":{"start":{"line":128,"column":2},"end":{"line":143,"column":null}},"39":{"start":{"line":129,"column":4},"end":{"line":141,"column":null}},"40":{"start":{"line":145,"column":2},"end":{"line":294,"column":null}},"41":{"start":{"line":193,"column":23},"end":{"line":193,"column":null}},"42":{"start":{"line":194,"column":10},"end":{"line":204,"column":null}},"43":{"start":{"line":213,"column":25},"end":{"line":213,"column":null}},"44":{"start":{"line":214,"column":12},"end":{"line":231,"column":null}},"45":{"start":{"line":242,"column":29},"end":{"line":242,"column":null}},"46":{"start":{"line":251,"column":14},"end":{"line":275,"column":null}},"47":{"start":{"line":254,"column":31},"end":{"line":254,"column":null}},"48":{"start":{"line":287,"column":27},"end":{"line":287,"column":null}}},"fnMap":{"0":{"name":"Dashboard","decl":{"start":{"line":13,"column":24},"end":{"line":13,"column":34}},"loc":{"start":{"line":13,"column":66},"end":{"line":296,"column":null}},"line":13},"1":{"name":"(anonymous_1)","decl":{"start":{"line":24,"column":12},"end":{"line":24,"column":18}},"loc":{"start":{"line":24,"column":18},"end":{"line":26,"column":5}},"line":24},"2":{"name":"(anonymous_2)","decl":{"start":{"line":28,"column":28},"end":{"line":28,"column":40}},"loc":{"start":{"line":28,"column":40},"end":{"line":77,"column":null}},"line":28},"3":{"name":"(anonymous_3)","decl":{"start":{"line":54,"column":32},"end":{"line":54,"column":33}},"loc":{"start":{"line":54,"column":44},"end":{"line":54,"column":70}},"line":54},"4":{"name":"(anonymous_4)","decl":{"start":{"line":56,"column":32},"end":{"line":56,"column":33}},"loc":{"start":{"line":56,"column":44},"end":{"line":56,"column":67}},"line":56},"5":{"name":"(anonymous_5)","decl":{"start":{"line":84,"column":14},"end":{"line":84,"column":20}},"loc":{"start":{"line":84,"column":20},"end":{"line":84,"column":null}},"line":84},"6":{"name":"(anonymous_6)","decl":{"start":{"line":91,"column":14},"end":{"line":91,"column":20}},"loc":{"start":{"line":91,"column":20},"end":{"line":91,"column":null}},"line":91},"7":{"name":"(anonymous_7)","decl":{"start":{"line":98,"column":14},"end":{"line":98,"column":20}},"loc":{"start":{"line":98,"column":20},"end":{"line":98,"column":null}},"line":98},"8":{"name":"(anonymous_8)","decl":{"start":{"line":105,"column":14},"end":{"line":105,"column":20}},"loc":{"start":{"line":105,"column":20},"end":{"line":105,"column":null}},"line":105},"9":{"name":"(anonymous_9)","decl":{"start":{"line":192,"column":23},"end":{"line":192,"column":31}},"loc":{"start":{"line":192,"column":31},"end":{"line":206,"column":9}},"line":192},"10":{"name":"(anonymous_10)","decl":{"start":{"line":212,"column":28},"end":{"line":212,"column":38}},"loc":{"start":{"line":212,"column":38},"end":{"line":233,"column":11}},"line":212},"11":{"name":"(anonymous_11)","decl":{"start":{"line":242,"column":23},"end":{"line":242,"column":29}},"loc":{"start":{"line":242,"column":29},"end":{"line":242,"column":null}},"line":242},"12":{"name":"(anonymous_12)","decl":{"start":{"line":250,"column":26},"end":{"line":250,"column":null}},"loc":{"start":{"line":251,"column":14},"end":{"line":275,"column":null}},"line":251},"13":{"name":"(anonymous_13)","decl":{"start":{"line":254,"column":25},"end":{"line":254,"column":31}},"loc":{"start":{"line":254,"column":31},"end":{"line":254,"column":null}},"line":254},"14":{"name":"(anonymous_14)","decl":{"start":{"line":287,"column":21},"end":{"line":287,"column":27}},"loc":{"start":{"line":287,"column":27},"end":{"line":287,"column":null}},"line":287}},"branchMap":{"0":{"loc":{"start":{"line":34,"column":6},"end":{"line":39,"column":null}},"type":"if","locations":[{"start":{"line":34,"column":6},"end":{"line":39,"column":null}},{"start":{},"end":{}}],"line":34},"1":{"loc":{"start":{"line":46,"column":6},"end":{"line":46,"column":null}},"type":"if","locations":[{"start":{"line":46,"column":6},"end":{"line":46,"column":null}},{"start":{},"end":{}}],"line":46},"2":{"loc":{"start":{"line":49,"column":27},"end":{"line":49,"column":null}},"type":"binary-expr","locations":[{"start":{"line":49,"column":27},"end":{"line":49,"column":59}},{"start":{"line":49,"column":59},"end":{"line":49,"column":null}}],"line":49},"3":{"loc":{"start":{"line":52,"column":25},"end":{"line":52,"column":null}},"type":"binary-expr","locations":[{"start":{"line":52,"column":25},"end":{"line":52,"column":52}},{"start":{"line":52,"column":52},"end":{"line":52,"column":null}}],"line":52},"4":{"loc":{"start":{"line":54,"column":8},"end":{"line":54,"column":null}},"type":"binary-expr","locations":[{"start":{"line":54,"column":8},"end":{"line":54,"column":82}},{"start":{"line":54,"column":82},"end":{"line":54,"column":null}}],"line":54},"5":{"loc":{"start":{"line":56,"column":8},"end":{"line":56,"column":null}},"type":"binary-expr","locations":[{"start":{"line":56,"column":8},"end":{"line":56,"column":79}},{"start":{"line":56,"column":79},"end":{"line":56,"column":null}}],"line":56},"6":{"loc":{"start":{"line":62,"column":33},"end":{"line":62,"column":null}},"type":"binary-expr","locations":[{"start":{"line":62,"column":33},"end":{"line":62,"column":62}},{"start":{"line":62,"column":62},"end":{"line":62,"column":null}}],"line":62},"7":{"loc":{"start":{"line":73,"column":15},"end":{"line":73,"column":83}},"type":"cond-expr","locations":[{"start":{"line":73,"column":38},"end":{"line":73,"column":52}},{"start":{"line":73,"column":52},"end":{"line":73,"column":83}}],"line":73},"8":{"loc":{"start":{"line":117,"column":2},"end":{"line":126,"column":null}},"type":"if","locations":[{"start":{"line":117,"column":2},"end":{"line":126,"column":null}},{"start":{},"end":{}}],"line":117},"9":{"loc":{"start":{"line":128,"column":2},"end":{"line":143,"column":null}},"type":"if","locations":[{"start":{"line":128,"column":2},"end":{"line":143,"column":null}},{"start":{},"end":{}}],"line":128},"10":{"loc":{"start":{"line":152,"column":7},"end":{"line":188,"column":null}},"type":"binary-expr","locations":[{"start":{"line":152,"column":7},"end":{"line":152,"column":null}},{"start":{"line":153,"column":8},"end":{"line":188,"column":null}}],"line":152},"11":{"loc":{"start":{"line":237,"column":7},"end":{"line":278,"column":null}},"type":"binary-expr","locations":[{"start":{"line":237,"column":7},"end":{"line":237,"column":null}},{"start":{"line":238,"column":8},"end":{"line":278,"column":null}}],"line":237},"12":{"loc":{"start":{"line":264,"column":24},"end":{"line":268,"column":null}},"type":"cond-expr","locations":[{"start":{"line":265,"column":28},"end":{"line":265,"column":null}},{"start":{"line":266,"column":28},"end":{"line":268,"column":null}}],"line":264},"13":{"loc":{"start":{"line":266,"column":28},"end":{"line":268,"column":null}},"type":"cond-expr","locations":[{"start":{"line":267,"column":30},"end":{"line":267,"column":null}},{"start":{"line":268,"column":30},"end":{"line":268,"column":null}}],"line":266},"14":{"loc":{"start":{"line":281,"column":7},"end":{"line":292,"column":null}},"type":"binary-expr","locations":[{"start":{"line":281,"column":7},"end":{"line":281,"column":null}},{"start":{"line":282,"column":8},"end":{"line":292,"column":null}}],"line":281}},"s":{"0":4,"1":4,"2":4,"3":4,"4":4,"5":3,"6":4,"7":3,"8":3,"9":3,"10":3,"11":0,"12":0,"13":0,"14":0,"15":3,"16":3,"17":0,"18":3,"19":3,"20":3,"21":0,"22":3,"23":0,"24":3,"25":3,"26":3,"27":3,"28":0,"29":3,"30":4,"31":0,"32":0,"33":0,"34":0,"35":4,"36":4,"37":3,"38":0,"39":0,"40":0,"41":0,"42":0,"43":0,"44":0,"45":0,"46":0,"47":0,"48":0},"f":{"0":4,"1":3,"2":3,"3":0,"4":0,"5":0,"6":0,"7":0,"8":0,"9":0,"10":0,"11":0,"12":0,"13":0,"14":0},"b":{"0":[0,3],"1":[0,3],"2":[3,3],"3":[3,3],"4":[3,3],"5":[3,3],"6":[3,3],"7":[0,0],"8":[3,1],"9":[0,0],"10":[0,0],"11":[4,0],"12":[0,0],"13":[0,0],"14":[4,0]},"meta":{"lastBranch":15,"lastFunction":15,"lastStatement":49,"seen":{"f:13:24:13:34":0,"s:14:30:14:Infinity":0,"s:15:24:20:Infinity":1,"s:21:28:21:Infinity":2,"s:22:24:22:Infinity":3,"s:24:2:26:Infinity":4,"f:24:12:24:18":1,"s:25:4:25:Infinity":5,"s:28:28:77:Infinity":6,"f:28:28:28:40":2,"s:29:4:76:Infinity":7,"s:30:6:30:Infinity":8,"s:31:6:31:Infinity":9,"b:34:6:39:Infinity:undefined:undefined:undefined:undefined":0,"s:34:6:39:Infinity":10,"s:35:8:35:Infinity":11,"s:36:8:36:Infinity":12,"s:37:8:37:Infinity":13,"s:38:8:38:Infinity":14,"s:41:62:44:Infinity":15,"b:46:6:46:Infinity:undefined:undefined:undefined:undefined":1,"s:46:6:46:Infinity":16,"s:46:25:46:Infinity":17,"s:49:27:49:Infinity":18,"b:49:27:49:59:49:59:49:Infinity":2,"s:52:25:52:Infinity":19,"b:52:25:52:52:52:52:52:Infinity":3,"s:54:8:54:Infinity":20,"b:54:8:54:82:54:82:54:Infinity":4,"f:54:32:54:33":3,"s:54:44:54:70":21,"s:56:8:56:Infinity":22,"b:56:8:56:79:56:79:56:Infinity":5,"f:56:32:56:33":4,"s:56:44:56:67":23,"s:58:42:60:Infinity":24,"s:62:33:62:Infinity":25,"b:62:33:62:62:62:62:62:Infinity":6,"s:64:6:64:Infinity":26,"s:66:6:71:Infinity":27,"s:73:6:73:Infinity":28,"b:73:38:73:52:73:52:73:83":7,"s:75:6:75:Infinity":29,"s:79:23:108:Infinity":30,"f:84:14:84:20":5,"s:84:20:84:Infinity":31,"f:91:14:91:20":6,"s:91:20:91:Infinity":32,"f:98:14:98:20":7,"s:98:20:98:Infinity":33,"f:105:14:105:20":8,"s:105:20:105:Infinity":34,"s:110:20:115:Infinity":35,"b:117:2:126:Infinity:undefined:undefined:undefined:undefined":8,"s:117:2:126:Infinity":36,"s:118:4:124:Infinity":37,"b:128:2:143:Infinity:undefined:undefined:undefined:undefined":9,"s:128:2:143:Infinity":38,"s:129:4:141:Infinity":39,"s:145:2:294:Infinity":40,"b:152:7:152:Infinity:153:8:188:Infinity":10,"f:192:23:192:31":9,"s:193:23:193:Infinity":41,"s:194:10:204:Infinity":42,"f:212:28:212:38":10,"s:213:25:213:Infinity":43,"s:214:12:231:Infinity":44,"b:237:7:237:Infinity:238:8:278:Infinity":11,"f:242:23:242:29":11,"s:242:29:242:Infinity":45,"f:250:26:250:Infinity":12,"s:251:14:275:Infinity":46,"f:254:25:254:31":13,"s:254:31:254:Infinity":47,"b:265:28:265:Infinity:266:28:268:Infinity":12,"b:267:30:267:Infinity:268:30:268:Infinity":13,"b:281:7:281:Infinity:282:8:292:Infinity":14,"f:287:21:287:27":14,"s:287:27:287:Infinity":48}}}
,"C:\\Repos GIT\\Blot.new-DLX\\src\\components\\Settings.tsx": {"path":"C:\\Repos GIT\\Blot.new-DLX\\src\\components\\Settings.tsx","statementMap":{"0":{"start":{"line":23,"column":32},"end":{"line":23,"column":null}},"1":{"start":{"line":24,"column":26},"end":{"line":24,"column":null}},"2":{"start":{"line":25,"column":28},"end":{"line":25,"column":null}},"3":{"start":{"line":26,"column":44},"end":{"line":26,"column":null}},"4":{"start":{"line":27,"column":44},"end":{"line":27,"column":null}},"5":{"start":{"line":28,"column":38},"end":{"line":28,"column":null}},"6":{"start":{"line":29,"column":46},"end":{"line":29,"column":null}},"7":{"start":{"line":30,"column":48},"end":{"line":30,"column":null}},"8":{"start":{"line":31,"column":44},"end":{"line":31,"column":null}},"9":{"start":{"line":32,"column":46},"end":{"line":32,"column":null}},"10":{"start":{"line":33,"column":36},"end":{"line":38,"column":null}},"11":{"start":{"line":39,"column":30},"end":{"line":45,"column":null}},"12":{"start":{"line":47,"column":2},"end":{"line":49,"column":null}},"13":{"start":{"line":48,"column":4},"end":{"line":48,"column":null}},"14":{"start":{"line":51,"column":23},"end":{"line":84,"column":null}},"15":{"start":{"line":52,"column":4},"end":{"line":83,"column":null}},"16":{"start":{"line":53,"column":6},"end":{"line":53,"column":null}},"17":{"start":{"line":56,"column":6},"end":{"line":61,"column":null}},"18":{"start":{"line":57,"column":8},"end":{"line":57,"column":null}},"19":{"start":{"line":58,"column":8},"end":{"line":58,"column":null}},"20":{"start":{"line":59,"column":8},"end":{"line":59,"column":null}},"21":{"start":{"line":60,"column":8},"end":{"line":60,"column":null}},"22":{"start":{"line":63,"column":61},"end":{"line":66,"column":null}},"23":{"start":{"line":68,"column":6},"end":{"line":68,"column":null}},"24":{"start":{"line":68,"column":26},"end":{"line":68,"column":null}},"25":{"start":{"line":70,"column":55},"end":{"line":73,"column":null}},"26":{"start":{"line":75,"column":6},"end":{"line":75,"column":null}},"27":{"start":{"line":75,"column":23},"end":{"line":75,"column":null}},"28":{"start":{"line":77,"column":6},"end":{"line":77,"column":null}},"29":{"start":{"line":77,"column":25},"end":{"line":77,"column":null}},"30":{"start":{"line":78,"column":6},"end":{"line":78,"column":null}},"31":{"start":{"line":78,"column":22},"end":{"line":78,"column":null}},"32":{"start":{"line":80,"column":6},"end":{"line":80,"column":null}},"33":{"start":{"line":82,"column":6},"end":{"line":82,"column":null}},"34":{"start":{"line":86,"column":22},"end":{"line":110,"column":null}},"35":{"start":{"line":87,"column":4},"end":{"line":109,"column":null}},"36":{"start":{"line":88,"column":30},"end":{"line":92,"column":null}},"37":{"start":{"line":94,"column":6},"end":{"line":94,"column":null}},"38":{"start":{"line":94,"column":17},"end":{"line":94,"column":null}},"39":{"start":{"line":96,"column":6},"end":{"line":105,"column":null}},"40":{"start":{"line":97,"column":8},"end":{"line":97,"column":null}},"41":{"start":{"line":98,"column":8},"end":{"line":98,"column":null}},"42":{"start":{"line":99,"column":8},"end":{"line":104,"column":null}},"43":{"start":{"line":107,"column":6},"end":{"line":107,"column":null}},"44":{"start":{"line":108,"column":6},"end":{"line":108,"column":null}},"45":{"start":{"line":112,"column":25},"end":{"line":125,"column":null}},"46":{"start":{"line":113,"column":4},"end":{"line":113,"column":null}},"47":{"start":{"line":113,"column":80},"end":{"line":113,"column":null}},"48":{"start":{"line":115,"column":4},"end":{"line":124,"column":null}},"49":{"start":{"line":116,"column":24},"end":{"line":116,"column":null}},"50":{"start":{"line":118,"column":6},"end":{"line":118,"column":null}},"51":{"start":{"line":118,"column":17},"end":{"line":118,"column":null}},"52":{"start":{"line":120,"column":6},"end":{"line":120,"column":null}},"53":{"start":{"line":120,"column":41},"end":{"line":120,"column":52}},"54":{"start":{"line":121,"column":6},"end":{"line":121,"column":null}},"55":{"start":{"line":121,"column":35},"end":{"line":121,"column":55}},"56":{"start":{"line":123,"column":6},"end":{"line":123,"column":null}},"57":{"start":{"line":127,"column":25},"end":{"line":140,"column":null}},"58":{"start":{"line":128,"column":4},"end":{"line":139,"column":null}},"59":{"start":{"line":129,"column":24},"end":{"line":132,"column":null}},"60":{"start":{"line":134,"column":6},"end":{"line":134,"column":null}},"61":{"start":{"line":134,"column":17},"end":{"line":134,"column":null}},"62":{"start":{"line":136,"column":6},"end":{"line":136,"column":null}},"63":{"start":{"line":136,"column":39},"end":{"line":136,"column":93}},"64":{"start":{"line":138,"column":6},"end":{"line":138,"column":null}},"65":{"start":{"line":142,"column":33},"end":{"line":161,"column":null}},"66":{"start":{"line":143,"column":4},"end":{"line":143,"column":null}},"67":{"start":{"line":144,"column":4},"end":{"line":160,"column":null}},"68":{"start":{"line":145,"column":21},"end":{"line":145,"column":null}},"69":{"start":{"line":146,"column":6},"end":{"line":155,"column":null}},"70":{"start":{"line":147,"column":32},"end":{"line":147,"column":null}},"71":{"start":{"line":148,"column":8},"end":{"line":152,"column":null}},"72":{"start":{"line":149,"column":10},"end":{"line":149,"column":null}},"73":{"start":{"line":151,"column":10},"end":{"line":151,"column":null}},"74":{"start":{"line":154,"column":8},"end":{"line":154,"column":null}},"75":{"start":{"line":157,"column":6},"end":{"line":157,"column":null}},"76":{"start":{"line":159,"column":6},"end":{"line":159,"column":null}},"77":{"start":{"line":163,"column":25},"end":{"line":179,"column":null}},"78":{"start":{"line":164,"column":4},"end":{"line":164,"column":null}},"79":{"start":{"line":165,"column":4},"end":{"line":178,"column":null}},"80":{"start":{"line":166,"column":21},"end":{"line":166,"column":null}},"81":{"start":{"line":167,"column":6},"end":{"line":173,"column":null}},"82":{"start":{"line":168,"column":8},"end":{"line":168,"column":null}},"83":{"start":{"line":169,"column":8},"end":{"line":169,"column":null}},"84":{"start":{"line":170,"column":8},"end":{"line":170,"column":null}},"85":{"start":{"line":172,"column":8},"end":{"line":172,"column":null}},"86":{"start":{"line":175,"column":6},"end":{"line":175,"column":null}},"87":{"start":{"line":177,"column":6},"end":{"line":177,"column":null}},"88":{"start":{"line":181,"column":27},"end":{"line":205,"column":null}},"89":{"start":{"line":182,"column":4},"end":{"line":182,"column":null}},"90":{"start":{"line":183,"column":4},"end":{"line":204,"column":null}},"91":{"start":{"line":184,"column":21},"end":{"line":184,"column":null}},"92":{"start":{"line":185,"column":6},"end":{"line":188,"column":null}},"93":{"start":{"line":186,"column":8},"end":{"line":186,"column":null}},"94":{"start":{"line":187,"column":8},"end":{"line":187,"column":null}},"95":{"start":{"line":190,"column":27},"end":{"line":190,"column":null}},"96":{"start":{"line":192,"column":6},"end":{"line":197,"column":null}},"97":{"start":{"line":199,"column":6},"end":{"line":199,"column":null}},"98":{"start":{"line":201,"column":6},"end":{"line":201,"column":null}},"99":{"start":{"line":203,"column":6},"end":{"line":203,"column":null}},"100":{"start":{"line":207,"column":29},"end":{"line":237,"column":null}},"101":{"start":{"line":208,"column":4},"end":{"line":208,"column":null}},"102":{"start":{"line":208,"column":27},"end":{"line":208,"column":null}},"103":{"start":{"line":210,"column":4},"end":{"line":236,"column":null}},"104":{"start":{"line":211,"column":30},"end":{"line":225,"column":null}},"105":{"start":{"line":227,"column":6},"end":{"line":227,"column":null}},"106":{"start":{"line":227,"column":17},"end":{"line":227,"column":null}},"107":{"start":{"line":229,"column":6},"end":{"line":232,"column":null}},"108":{"start":{"line":230,"column":8},"end":{"line":230,"column":null}},"109":{"start":{"line":231,"column":8},"end":{"line":231,"column":null}},"110":{"start":{"line":231,"column":57},"end":{"line":231,"column":84}},"111":{"start":{"line":234,"column":6},"end":{"line":234,"column":null}},"112":{"start":{"line":235,"column":6},"end":{"line":235,"column":null}},"113":{"start":{"line":239,"column":19},"end":{"line":260,"column":null}},"114":{"start":{"line":240,"column":4},"end":{"line":259,"column":null}},"115":{"start":{"line":241,"column":30},"end":{"line":241,"column":null}},"116":{"start":{"line":243,"column":6},"end":{"line":243,"column":null}},"117":{"start":{"line":243,"column":17},"end":{"line":243,"column":null}},"118":{"start":{"line":245,"column":6},"end":{"line":255,"column":null}},"119":{"start":{"line":246,"column":8},"end":{"line":246,"column":null}},"120":{"start":{"line":247,"column":8},"end":{"line":247,"column":null}},"121":{"start":{"line":248,"column":8},"end":{"line":254,"column":null}},"122":{"start":{"line":257,"column":6},"end":{"line":257,"column":null}},"123":{"start":{"line":258,"column":6},"end":{"line":258,"column":null}},"124":{"start":{"line":262,"column":22},"end":{"line":274,"column":null}},"125":{"start":{"line":263,"column":4},"end":{"line":263,"column":null}},"126":{"start":{"line":263,"column":65},"end":{"line":263,"column":null}},"127":{"start":{"line":265,"column":4},"end":{"line":273,"column":null}},"128":{"start":{"line":266,"column":24},"end":{"line":266,"column":null}},"129":{"start":{"line":268,"column":6},"end":{"line":268,"column":null}},"130":{"start":{"line":268,"column":17},"end":{"line":268,"column":null}},"131":{"start":{"line":270,"column":6},"end":{"line":270,"column":null}},"132":{"start":{"line":270,"column":35},"end":{"line":270,"column":46}},"133":{"start":{"line":272,"column":6},"end":{"line":272,"column":null}},"134":{"start":{"line":276,"column":22},"end":{"line":289,"column":null}},"135":{"start":{"line":277,"column":4},"end":{"line":288,"column":null}},"136":{"start":{"line":278,"column":24},"end":{"line":281,"column":null}},"137":{"start":{"line":283,"column":6},"end":{"line":283,"column":null}},"138":{"start":{"line":283,"column":17},"end":{"line":283,"column":null}},"139":{"start":{"line":285,"column":6},"end":{"line":285,"column":null}},"140":{"start":{"line":285,"column":33},"end":{"line":285,"column":90}},"141":{"start":{"line":287,"column":6},"end":{"line":287,"column":null}},"142":{"start":{"line":291,"column":2},"end":{"line":300,"column":null}},"143":{"start":{"line":292,"column":4},"end":{"line":298,"column":null}},"144":{"start":{"line":302,"column":2},"end":{"line":756,"column":null}},"145":{"start":{"line":317,"column":29},"end":{"line":317,"column":null}},"146":{"start":{"line":327,"column":14},"end":{"line":407,"column":null}},"147":{"start":{"line":356,"column":37},"end":{"line":356,"column":null}},"148":{"start":{"line":368,"column":37},"end":{"line":368,"column":null}},"149":{"start":{"line":376,"column":37},"end":{"line":376,"column":null}},"150":{"start":{"line":388,"column":37},"end":{"line":388,"column":null}},"151":{"start":{"line":399,"column":37},"end":{"line":399,"column":null}},"152":{"start":{"line":426,"column":29},"end":{"line":426,"column":null}},"153":{"start":{"line":437,"column":31},"end":{"line":437,"column":null}},"154":{"start":{"line":437,"column":51},"end":{"line":437,"column":77}},"155":{"start":{"line":438,"column":14},"end":{"line":480,"column":null}},"156":{"start":{"line":461,"column":39},"end":{"line":461,"column":null}},"157":{"start":{"line":472,"column":39},"end":{"line":472,"column":null}},"158":{"start":{"line":503,"column":33},"end":{"line":503,"column":null}},"159":{"start":{"line":518,"column":33},"end":{"line":518,"column":null}},"160":{"start":{"line":528,"column":33},"end":{"line":528,"column":null}},"161":{"start":{"line":539,"column":20},"end":{"line":539,"column":null}},"162":{"start":{"line":552,"column":33},"end":{"line":552,"column":null}},"163":{"start":{"line":572,"column":33},"end":{"line":572,"column":null}},"164":{"start":{"line":577,"column":20},"end":{"line":579,"column":null}},"165":{"start":{"line":588,"column":33},"end":{"line":588,"column":null}},"166":{"start":{"line":598,"column":33},"end":{"line":598,"column":null}},"167":{"start":{"line":609,"column":20},"end":{"line":609,"column":null}},"168":{"start":{"line":618,"column":33},"end":{"line":618,"column":null}},"169":{"start":{"line":636,"column":33},"end":{"line":636,"column":null}},"170":{"start":{"line":659,"column":18},"end":{"line":659,"column":null}},"171":{"start":{"line":660,"column":18},"end":{"line":660,"column":null}},"172":{"start":{"line":661,"column":18},"end":{"line":661,"column":null}},"173":{"start":{"line":677,"column":18},"end":{"line":724,"column":null}},"174":{"start":{"line":718,"column":39},"end":{"line":718,"column":null}},"175":{"start":{"line":732,"column":18},"end":{"line":732,"column":null}},"176":{"start":{"line":732,"column":41},"end":{"line":732,"column":null}},"177":{"start":{"line":733,"column":18},"end":{"line":733,"column":null}},"178":{"start":{"line":734,"column":18},"end":{"line":734,"column":null}},"179":{"start":{"line":735,"column":18},"end":{"line":735,"column":null}},"180":{"start":{"line":736,"column":18},"end":{"line":736,"column":null}},"181":{"start":{"line":744,"column":18},"end":{"line":744,"column":null}},"182":{"start":{"line":745,"column":18},"end":{"line":745,"column":null}},"183":{"start":{"line":746,"column":18},"end":{"line":746,"column":null}}},"fnMap":{"0":{"name":"Settings","decl":{"start":{"line":22,"column":24},"end":{"line":22,"column":35}},"loc":{"start":{"line":22,"column":35},"end":{"line":758,"column":null}},"line":22},"1":{"name":"(anonymous_1)","decl":{"start":{"line":47,"column":12},"end":{"line":47,"column":18}},"loc":{"start":{"line":47,"column":18},"end":{"line":49,"column":5}},"line":47},"2":{"name":"(anonymous_2)","decl":{"start":{"line":51,"column":23},"end":{"line":51,"column":35}},"loc":{"start":{"line":51,"column":35},"end":{"line":84,"column":null}},"line":51},"3":{"name":"(anonymous_3)","decl":{"start":{"line":86,"column":22},"end":{"line":86,"column":34}},"loc":{"start":{"line":86,"column":34},"end":{"line":110,"column":null}},"line":86},"4":{"name":"(anonymous_4)","decl":{"start":{"line":112,"column":25},"end":{"line":112,"column":32}},"loc":{"start":{"line":112,"column":47},"end":{"line":125,"column":null}},"line":112},"5":{"name":"(anonymous_5)","decl":{"start":{"line":120,"column":36},"end":{"line":120,"column":41}},"loc":{"start":{"line":120,"column":41},"end":{"line":120,"column":52}},"line":120},"6":{"name":"(anonymous_6)","decl":{"start":{"line":121,"column":30},"end":{"line":121,"column":35}},"loc":{"start":{"line":121,"column":35},"end":{"line":121,"column":55}},"line":121},"7":{"name":"(anonymous_7)","decl":{"start":{"line":127,"column":25},"end":{"line":127,"column":32}},"loc":{"start":{"line":127,"column":71},"end":{"line":140,"column":null}},"line":127},"8":{"name":"(anonymous_8)","decl":{"start":{"line":136,"column":33},"end":{"line":136,"column":39}},"loc":{"start":{"line":136,"column":39},"end":{"line":136,"column":93}},"line":136},"9":{"name":"(anonymous_9)","decl":{"start":{"line":142,"column":33},"end":{"line":142,"column":40}},"loc":{"start":{"line":142,"column":66},"end":{"line":161,"column":null}},"line":142},"10":{"name":"(anonymous_10)","decl":{"start":{"line":163,"column":25},"end":{"line":163,"column":32}},"loc":{"start":{"line":163,"column":58},"end":{"line":179,"column":null}},"line":163},"11":{"name":"(anonymous_11)","decl":{"start":{"line":181,"column":27},"end":{"line":181,"column":34}},"loc":{"start":{"line":181,"column":60},"end":{"line":205,"column":null}},"line":181},"12":{"name":"(anonymous_12)","decl":{"start":{"line":207,"column":29},"end":{"line":207,"column":36}},"loc":{"start":{"line":207,"column":73},"end":{"line":237,"column":null}},"line":207},"13":{"name":"(anonymous_13)","decl":{"start":{"line":231,"column":52},"end":{"line":231,"column":57}},"loc":{"start":{"line":231,"column":57},"end":{"line":231,"column":84}},"line":231},"14":{"name":"(anonymous_14)","decl":{"start":{"line":239,"column":19},"end":{"line":239,"column":31}},"loc":{"start":{"line":239,"column":31},"end":{"line":260,"column":null}},"line":239},"15":{"name":"(anonymous_15)","decl":{"start":{"line":262,"column":22},"end":{"line":262,"column":29}},"loc":{"start":{"line":262,"column":44},"end":{"line":274,"column":null}},"line":262},"16":{"name":"(anonymous_16)","decl":{"start":{"line":270,"column":30},"end":{"line":270,"column":35}},"loc":{"start":{"line":270,"column":35},"end":{"line":270,"column":46}},"line":270},"17":{"name":"(anonymous_17)","decl":{"start":{"line":276,"column":22},"end":{"line":276,"column":29}},"loc":{"start":{"line":276,"column":68},"end":{"line":289,"column":null}},"line":276},"18":{"name":"(anonymous_18)","decl":{"start":{"line":285,"column":27},"end":{"line":285,"column":33}},"loc":{"start":{"line":285,"column":33},"end":{"line":285,"column":90}},"line":285},"19":{"name":"(anonymous_19)","decl":{"start":{"line":317,"column":23},"end":{"line":317,"column":29}},"loc":{"start":{"line":317,"column":29},"end":{"line":317,"column":null}},"line":317},"20":{"name":"(anonymous_20)","decl":{"start":{"line":326,"column":27},"end":{"line":326,"column":null}},"loc":{"start":{"line":327,"column":14},"end":{"line":407,"column":null}},"line":327},"21":{"name":"(anonymous_21)","decl":{"start":{"line":356,"column":31},"end":{"line":356,"column":37}},"loc":{"start":{"line":356,"column":37},"end":{"line":356,"column":null}},"line":356},"22":{"name":"(anonymous_22)","decl":{"start":{"line":368,"column":31},"end":{"line":368,"column":37}},"loc":{"start":{"line":368,"column":37},"end":{"line":368,"column":null}},"line":368},"23":{"name":"(anonymous_23)","decl":{"start":{"line":376,"column":31},"end":{"line":376,"column":37}},"loc":{"start":{"line":376,"column":37},"end":{"line":376,"column":null}},"line":376},"24":{"name":"(anonymous_24)","decl":{"start":{"line":388,"column":31},"end":{"line":388,"column":37}},"loc":{"start":{"line":388,"column":37},"end":{"line":388,"column":null}},"line":388},"25":{"name":"(anonymous_25)","decl":{"start":{"line":399,"column":31},"end":{"line":399,"column":37}},"loc":{"start":{"line":399,"column":37},"end":{"line":399,"column":null}},"line":399},"26":{"name":"(anonymous_26)","decl":{"start":{"line":426,"column":23},"end":{"line":426,"column":29}},"loc":{"start":{"line":426,"column":29},"end":{"line":426,"column":null}},"line":426},"27":{"name":"(anonymous_27)","decl":{"start":{"line":436,"column":24},"end":{"line":436,"column":33}},"loc":{"start":{"line":436,"column":33},"end":{"line":482,"column":13}},"line":436},"28":{"name":"(anonymous_28)","decl":{"start":{"line":437,"column":46},"end":{"line":437,"column":51}},"loc":{"start":{"line":437,"column":51},"end":{"line":437,"column":77}},"line":437},"29":{"name":"(anonymous_29)","decl":{"start":{"line":461,"column":33},"end":{"line":461,"column":39}},"loc":{"start":{"line":461,"column":39},"end":{"line":461,"column":null}},"line":461},"30":{"name":"(anonymous_30)","decl":{"start":{"line":472,"column":33},"end":{"line":472,"column":39}},"loc":{"start":{"line":472,"column":39},"end":{"line":472,"column":null}},"line":472},"31":{"name":"(anonymous_31)","decl":{"start":{"line":503,"column":28},"end":{"line":503,"column":33}},"loc":{"start":{"line":503,"column":33},"end":{"line":503,"column":null}},"line":503},"32":{"name":"(anonymous_32)","decl":{"start":{"line":518,"column":28},"end":{"line":518,"column":33}},"loc":{"start":{"line":518,"column":33},"end":{"line":518,"column":null}},"line":518},"33":{"name":"(anonymous_33)","decl":{"start":{"line":528,"column":28},"end":{"line":528,"column":33}},"loc":{"start":{"line":528,"column":33},"end":{"line":528,"column":null}},"line":528},"34":{"name":"(anonymous_34)","decl":{"start":{"line":538,"column":28},"end":{"line":538,"column":null}},"loc":{"start":{"line":539,"column":20},"end":{"line":539,"column":null}},"line":539},"35":{"name":"(anonymous_35)","decl":{"start":{"line":552,"column":27},"end":{"line":552,"column":33}},"loc":{"start":{"line":552,"column":33},"end":{"line":552,"column":null}},"line":552},"36":{"name":"(anonymous_36)","decl":{"start":{"line":572,"column":28},"end":{"line":572,"column":33}},"loc":{"start":{"line":572,"column":33},"end":{"line":572,"column":null}},"line":572},"37":{"name":"(anonymous_37)","decl":{"start":{"line":576,"column":33},"end":{"line":576,"column":null}},"loc":{"start":{"line":577,"column":20},"end":{"line":579,"column":null}},"line":577},"38":{"name":"(anonymous_38)","decl":{"start":{"line":588,"column":28},"end":{"line":588,"column":33}},"loc":{"start":{"line":588,"column":33},"end":{"line":588,"column":null}},"line":588},"39":{"name":"(anonymous_39)","decl":{"start":{"line":598,"column":28},"end":{"line":598,"column":33}},"loc":{"start":{"line":598,"column":33},"end":{"line":598,"column":null}},"line":598},"40":{"name":"(anonymous_40)","decl":{"start":{"line":608,"column":28},"end":{"line":608,"column":null}},"loc":{"start":{"line":609,"column":20},"end":{"line":609,"column":null}},"line":609},"41":{"name":"(anonymous_41)","decl":{"start":{"line":618,"column":28},"end":{"line":618,"column":33}},"loc":{"start":{"line":618,"column":33},"end":{"line":618,"column":null}},"line":618},"42":{"name":"(anonymous_42)","decl":{"start":{"line":636,"column":27},"end":{"line":636,"column":33}},"loc":{"start":{"line":636,"column":33},"end":{"line":636,"column":null}},"line":636},"43":{"name":"(anonymous_43)","decl":{"start":{"line":658,"column":25},"end":{"line":658,"column":31}},"loc":{"start":{"line":658,"column":31},"end":{"line":662,"column":null}},"line":658},"44":{"name":"(anonymous_44)","decl":{"start":{"line":676,"column":38},"end":{"line":676,"column":null}},"loc":{"start":{"line":677,"column":18},"end":{"line":724,"column":null}},"line":677},"45":{"name":"(anonymous_45)","decl":{"start":{"line":718,"column":33},"end":{"line":718,"column":39}},"loc":{"start":{"line":718,"column":39},"end":{"line":718,"column":null}},"line":718},"46":{"name":"(anonymous_46)","decl":{"start":{"line":731,"column":25},"end":{"line":731,"column":37}},"loc":{"start":{"line":731,"column":37},"end":{"line":737,"column":null}},"line":731},"47":{"name":"(anonymous_47)","decl":{"start":{"line":743,"column":25},"end":{"line":743,"column":31}},"loc":{"start":{"line":743,"column":31},"end":{"line":747,"column":null}},"line":743}},"branchMap":{"0":{"loc":{"start":{"line":56,"column":6},"end":{"line":61,"column":null}},"type":"if","locations":[{"start":{"line":56,"column":6},"end":{"line":61,"column":null}},{"start":{},"end":{}}],"line":56},"1":{"loc":{"start":{"line":68,"column":6},"end":{"line":68,"column":null}},"type":"if","locations":[{"start":{"line":68,"column":6},"end":{"line":68,"column":null}},{"start":{},"end":{}}],"line":68},"2":{"loc":{"start":{"line":75,"column":6},"end":{"line":75,"column":null}},"type":"if","locations":[{"start":{"line":75,"column":6},"end":{"line":75,"column":null}},{"start":{},"end":{}}],"line":75},"3":{"loc":{"start":{"line":77,"column":6},"end":{"line":77,"column":null}},"type":"if","locations":[{"start":{"line":77,"column":6},"end":{"line":77,"column":null}},{"start":{},"end":{}}],"line":77},"4":{"loc":{"start":{"line":78,"column":6},"end":{"line":78,"column":null}},"type":"if","locations":[{"start":{"line":78,"column":6},"end":{"line":78,"column":null}},{"start":{},"end":{}}],"line":78},"5":{"loc":{"start":{"line":94,"column":6},"end":{"line":94,"column":null}},"type":"if","locations":[{"start":{"line":94,"column":6},"end":{"line":94,"column":null}},{"start":{},"end":{}}],"line":94},"6":{"loc":{"start":{"line":96,"column":6},"end":{"line":105,"column":null}},"type":"if","locations":[{"start":{"line":96,"column":6},"end":{"line":105,"column":null}},{"start":{},"end":{}}],"line":96},"7":{"loc":{"start":{"line":113,"column":4},"end":{"line":113,"column":null}},"type":"if","locations":[{"start":{"line":113,"column":4},"end":{"line":113,"column":null}},{"start":{},"end":{}}],"line":113},"8":{"loc":{"start":{"line":118,"column":6},"end":{"line":118,"column":null}},"type":"if","locations":[{"start":{"line":118,"column":6},"end":{"line":118,"column":null}},{"start":{},"end":{}}],"line":118},"9":{"loc":{"start":{"line":134,"column":6},"end":{"line":134,"column":null}},"type":"if","locations":[{"start":{"line":134,"column":6},"end":{"line":134,"column":null}},{"start":{},"end":{}}],"line":134},"10":{"loc":{"start":{"line":136,"column":39},"end":{"line":136,"column":93}},"type":"cond-expr","locations":[{"start":{"line":136,"column":53},"end":{"line":136,"column":91}},{"start":{"line":136,"column":91},"end":{"line":136,"column":93}}],"line":136},"11":{"loc":{"start":{"line":146,"column":6},"end":{"line":155,"column":null}},"type":"if","locations":[{"start":{"line":146,"column":6},"end":{"line":155,"column":null}},{"start":{"line":153,"column":13},"end":{"line":155,"column":null}}],"line":146},"12":{"loc":{"start":{"line":148,"column":8},"end":{"line":152,"column":null}},"type":"if","locations":[{"start":{"line":148,"column":8},"end":{"line":152,"column":null}},{"start":{"line":150,"column":15},"end":{"line":152,"column":null}}],"line":148},"13":{"loc":{"start":{"line":167,"column":6},"end":{"line":173,"column":null}},"type":"if","locations":[{"start":{"line":167,"column":6},"end":{"line":173,"column":null}},{"start":{"line":171,"column":13},"end":{"line":173,"column":null}}],"line":167},"14":{"loc":{"start":{"line":185,"column":6},"end":{"line":188,"column":null}},"type":"if","locations":[{"start":{"line":185,"column":6},"end":{"line":188,"column":null}},{"start":{},"end":{}}],"line":185},"15":{"loc":{"start":{"line":208,"column":4},"end":{"line":208,"column":null}},"type":"if","locations":[{"start":{"line":208,"column":4},"end":{"line":208,"column":null}},{"start":{},"end":{}}],"line":208},"16":{"loc":{"start":{"line":227,"column":6},"end":{"line":227,"column":null}},"type":"if","locations":[{"start":{"line":227,"column":6},"end":{"line":227,"column":null}},{"start":{},"end":{}}],"line":227},"17":{"loc":{"start":{"line":229,"column":6},"end":{"line":232,"column":null}},"type":"if","locations":[{"start":{"line":229,"column":6},"end":{"line":232,"column":null}},{"start":{},"end":{}}],"line":229},"18":{"loc":{"start":{"line":243,"column":6},"end":{"line":243,"column":null}},"type":"if","locations":[{"start":{"line":243,"column":6},"end":{"line":243,"column":null}},{"start":{},"end":{}}],"line":243},"19":{"loc":{"start":{"line":245,"column":6},"end":{"line":255,"column":null}},"type":"if","locations":[{"start":{"line":245,"column":6},"end":{"line":255,"column":null}},{"start":{},"end":{}}],"line":245},"20":{"loc":{"start":{"line":263,"column":4},"end":{"line":263,"column":null}},"type":"if","locations":[{"start":{"line":263,"column":4},"end":{"line":263,"column":null}},{"start":{},"end":{}}],"line":263},"21":{"loc":{"start":{"line":268,"column":6},"end":{"line":268,"column":null}},"type":"if","locations":[{"start":{"line":268,"column":6},"end":{"line":268,"column":null}},{"start":{},"end":{}}],"line":268},"22":{"loc":{"start":{"line":283,"column":6},"end":{"line":283,"column":null}},"type":"if","locations":[{"start":{"line":283,"column":6},"end":{"line":283,"column":null}},{"start":{},"end":{}}],"line":283},"23":{"loc":{"start":{"line":285,"column":33},"end":{"line":285,"column":90}},"type":"cond-expr","locations":[{"start":{"line":285,"column":47},"end":{"line":285,"column":88}},{"start":{"line":285,"column":88},"end":{"line":285,"column":90}}],"line":285},"24":{"loc":{"start":{"line":291,"column":2},"end":{"line":300,"column":null}},"type":"if","locations":[{"start":{"line":291,"column":2},"end":{"line":300,"column":null}},{"start":{},"end":{}}],"line":291},"25":{"loc":{"start":{"line":337,"column":23},"end":{"line":346,"column":null}},"type":"cond-expr","locations":[{"start":{"line":338,"column":24},"end":{"line":341,"column":null}},{"start":{"line":343,"column":24},"end":{"line":346,"column":null}}],"line":337},"26":{"loc":{"start":{"line":357,"column":32},"end":{"line":357,"column":null}},"type":"binary-expr","locations":[{"start":{"line":357,"column":32},"end":{"line":357,"column":69}},{"start":{"line":357,"column":69},"end":{"line":357,"column":null}}],"line":357},"27":{"loc":{"start":{"line":361,"column":23},"end":{"line":364,"column":null}},"type":"cond-expr","locations":[{"start":{"line":362,"column":24},"end":{"line":362,"column":null}},{"start":{"line":364,"column":24},"end":{"line":364,"column":null}}],"line":361},"28":{"loc":{"start":{"line":369,"column":32},"end":{"line":369,"column":null}},"type":"binary-expr","locations":[{"start":{"line":369,"column":32},"end":{"line":369,"column":69}},{"start":{"line":369,"column":69},"end":{"line":369,"column":null}}],"line":369},"29":{"loc":{"start":{"line":381,"column":23},"end":{"line":384,"column":null}},"type":"cond-expr","locations":[{"start":{"line":382,"column":24},"end":{"line":382,"column":null}},{"start":{"line":384,"column":24},"end":{"line":384,"column":null}}],"line":381},"30":{"loc":{"start":{"line":390,"column":29},"end":{"line":390,"column":null}},"type":"cond-expr","locations":[{"start":{"line":390,"column":50},"end":{"line":390,"column":62}},{"start":{"line":390,"column":62},"end":{"line":390,"column":null}}],"line":390},"31":{"loc":{"start":{"line":392,"column":23},"end":{"line":395,"column":null}},"type":"cond-expr","locations":[{"start":{"line":393,"column":24},"end":{"line":393,"column":null}},{"start":{"line":395,"column":24},"end":{"line":395,"column":null}}],"line":392},"32":{"loc":{"start":{"line":410,"column":13},"end":{"line":414,"column":null}},"type":"binary-expr","locations":[{"start":{"line":410,"column":13},"end":{"line":410,"column":null}},{"start":{"line":411,"column":14},"end":{"line":414,"column":null}}],"line":410},"33":{"loc":{"start":{"line":463,"column":31},"end":{"line":463,"column":null}},"type":"cond-expr","locations":[{"start":{"line":463,"column":52},"end":{"line":463,"column":64}},{"start":{"line":463,"column":64},"end":{"line":463,"column":null}}],"line":463},"34":{"loc":{"start":{"line":465,"column":25},"end":{"line":468,"column":null}},"type":"cond-expr","locations":[{"start":{"line":466,"column":26},"end":{"line":466,"column":null}},{"start":{"line":468,"column":26},"end":{"line":468,"column":null}}],"line":465},"35":{"loc":{"start":{"line":484,"column":13},"end":{"line":488,"column":null}},"type":"binary-expr","locations":[{"start":{"line":484,"column":13},"end":{"line":484,"column":null}},{"start":{"line":485,"column":14},"end":{"line":488,"column":null}}],"line":484},"36":{"loc":{"start":{"line":494,"column":7},"end":{"line":560,"column":null}},"type":"binary-expr","locations":[{"start":{"line":494,"column":7},"end":{"line":494,"column":null}},{"start":{"line":495,"column":8},"end":{"line":560,"column":null}}],"line":494},"37":{"loc":{"start":{"line":563,"column":7},"end":{"line":644,"column":null}},"type":"binary-expr","locations":[{"start":{"line":563,"column":7},"end":{"line":563,"column":null}},{"start":{"line":564,"column":8},"end":{"line":644,"column":null}}],"line":563},"38":{"loc":{"start":{"line":630,"column":28},"end":{"line":630,"column":null}},"type":"binary-expr","locations":[{"start":{"line":630,"column":28},"end":{"line":630,"column":53}},{"start":{"line":630,"column":53},"end":{"line":630,"column":77}},{"start":{"line":630,"column":77},"end":{"line":630,"column":null}}],"line":630},"39":{"loc":{"start":{"line":647,"column":7},"end":{"line":754,"column":null}},"type":"binary-expr","locations":[{"start":{"line":647,"column":7},"end":{"line":647,"column":26}},{"start":{"line":647,"column":26},"end":{"line":647,"column":null}},{"start":{"line":648,"column":8},"end":{"line":754,"column":null}}],"line":647},"40":{"loc":{"start":{"line":669,"column":13},"end":{"line":726,"column":null}},"type":"cond-expr","locations":[{"start":{"line":670,"column":14},"end":{"line":673,"column":null}},{"start":{"line":675,"column":14},"end":{"line":726,"column":null}}],"line":669},"41":{"loc":{"start":{"line":685,"column":27},"end":{"line":689,"column":null}},"type":"binary-expr","locations":[{"start":{"line":685,"column":27},"end":{"line":685,"column":null}},{"start":{"line":686,"column":28},"end":{"line":689,"column":null}}],"line":685},"42":{"loc":{"start":{"line":691,"column":27},"end":{"line":694,"column":null}},"type":"binary-expr","locations":[{"start":{"line":691,"column":27},"end":{"line":691,"column":null}},{"start":{"line":692,"column":28},"end":{"line":694,"column":null}}],"line":691},"43":{"loc":{"start":{"line":699,"column":27},"end":{"line":700,"column":null}},"type":"binary-expr","locations":[{"start":{"line":699,"column":27},"end":{"line":699,"column":null}},{"start":{"line":700,"column":28},"end":{"line":700,"column":null}}],"line":699},"44":{"loc":{"start":{"line":702,"column":27},"end":{"line":705,"column":null}},"type":"binary-expr","locations":[{"start":{"line":702,"column":27},"end":{"line":702,"column":null}},{"start":{"line":703,"column":28},"end":{"line":705,"column":null}}],"line":702},"45":{"loc":{"start":{"line":707,"column":27},"end":{"line":708,"column":null}},"type":"binary-expr","locations":[{"start":{"line":707,"column":27},"end":{"line":707,"column":null}},{"start":{"line":708,"column":28},"end":{"line":708,"column":null}}],"line":707},"46":{"loc":{"start":{"line":710,"column":27},"end":{"line":713,"column":null}},"type":"binary-expr","locations":[{"start":{"line":710,"column":27},"end":{"line":710,"column":41}},{"start":{"line":710,"column":41},"end":{"line":710,"column":null}},{"start":{"line":711,"column":28},"end":{"line":713,"column":null}}],"line":710},"47":{"loc":{"start":{"line":732,"column":18},"end":{"line":732,"column":null}},"type":"if","locations":[{"start":{"line":732,"column":18},"end":{"line":732,"column":null}},{"start":{},"end":{}}],"line":732}},"s":{"0":6,"1":6,"2":6,"3":6,"4":6,"5":6,"6":6,"7":6,"8":6,"9":6,"10":6,"11":6,"12":6,"13":3,"14":6,"15":3,"16":3,"17":3,"18":0,"19":0,"20":0,"21":0,"22":3,"23":0,"24":0,"25":0,"26":0,"27":0,"28":0,"29":0,"30":0,"31":0,"32":3,"33":3,"34":6,"35":0,"36":0,"37":0,"38":0,"39":0,"40":0,"41":0,"42":0,"43":0,"44":0,"45":6,"46":0,"47":0,"48":0,"49":0,"50":0,"51":0,"52":0,"53":0,"54":0,"55":0,"56":0,"57":6,"58":0,"59":0,"60":0,"61":0,"62":0,"63":0,"64":0,"65":6,"66":0,"67":0,"68":0,"69":0,"70":0,"71":0,"72":0,"73":0,"74":0,"75":0,"76":0,"77":6,"78":0,"79":0,"80":0,"81":0,"82":0,"83":0,"84":0,"85":0,"86":0,"87":0,"88":6,"89":0,"90":0,"91":0,"92":0,"93":0,"94":0,"95":0,"96":0,"97":0,"98":0,"99":0,"100":6,"101":0,"102":0,"103":0,"104":0,"105":0,"106":0,"107":0,"108":0,"109":0,"110":0,"111":0,"112":0,"113":6,"114":0,"115":0,"116":0,"117":0,"118":0,"119":0,"120":0,"121":0,"122":0,"123":0,"124":6,"125":0,"126":0,"127":0,"128":0,"129":0,"130":0,"131":0,"132":0,"133":0,"134":6,"135":0,"136":0,"137":0,"138":0,"139":0,"140":0,"141":0,"142":6,"143":3,"144":3,"145":0,"146":0,"147":0,"148":0,"149":0,"150":0,"151":0,"152":0,"153":0,"154":0,"155":0,"156":0,"157":0,"158":0,"159":0,"160":0,"161":0,"162":0,"163":0,"164":0,"165":0,"166":0,"167":0,"168":0,"169":0,"170":0,"171":0,"172":0,"173":0,"174":0,"175":0,"176":0,"177":0,"178":0,"179":0,"180":0,"181":0,"182":0,"183":0},"f":{"0":6,"1":3,"2":3,"3":0,"4":0,"5":0,"6":0,"7":0,"8":0,"9":0,"10":0,"11":0,"12":0,"13":0,"14":0,"15":0,"16":0,"17":0,"18":0,"19":0,"20":0,"21":0,"22":0,"23":0,"24":0,"25":0,"26":0,"27":0,"28":0,"29":0,"30":0,"31":0,"32":0,"33":0,"34":0,"35":0,"36":0,"37":0,"38":0,"39":0,"40":0,"41":0,"42":0,"43":0,"44":0,"45":0,"46":0,"47":0},"b":{"0":[0,3],"1":[0,0],"2":[0,0],"3":[0,0],"4":[0,0],"5":[0,0],"6":[0,0],"7":[0,0],"8":[0,0],"9":[0,0],"10":[0,0],"11":[0,0],"12":[0,0],"13":[0,0],"14":[0,0],"15":[0,0],"16":[0,0],"17":[0,0],"18":[0,0],"19":[0,0],"20":[0,0],"21":[0,0],"22":[0,0],"23":[0,0],"24":[3,3],"25":[0,0],"26":[0,0],"27":[0,0],"28":[0,0],"29":[0,0],"30":[0,0],"31":[0,0],"32":[3,3],"33":[0,0],"34":[0,0],"35":[6,3],"36":[6,0],"37":[6,0],"38":[0,0,0],"39":[6,0,0],"40":[0,0],"41":[0,0],"42":[0,0],"43":[0,0],"44":[0,0],"45":[0,0],"46":[0,0,0],"47":[0,0]},"meta":{"lastBranch":48,"lastFunction":48,"lastStatement":184,"seen":{"f:22:24:22:35":0,"s:23:32:23:Infinity":0,"s:24:26:24:Infinity":1,"s:25:28:25:Infinity":2,"s:26:44:26:Infinity":3,"s:27:44:27:Infinity":4,"s:28:38:28:Infinity":5,"s:29:46:29:Infinity":6,"s:30:48:30:Infinity":7,"s:31:44:31:Infinity":8,"s:32:46:32:Infinity":9,"s:33:36:38:Infinity":10,"s:39:30:45:Infinity":11,"s:47:2:49:Infinity":12,"f:47:12:47:18":1,"s:48:4:48:Infinity":13,"s:51:23:84:Infinity":14,"f:51:23:51:35":2,"s:52:4:83:Infinity":15,"s:53:6:53:Infinity":16,"b:56:6:61:Infinity:undefined:undefined:undefined:undefined":0,"s:56:6:61:Infinity":17,"s:57:8:57:Infinity":18,"s:58:8:58:Infinity":19,"s:59:8:59:Infinity":20,"s:60:8:60:Infinity":21,"s:63:61:66:Infinity":22,"b:68:6:68:Infinity:undefined:undefined:undefined:undefined":1,"s:68:6:68:Infinity":23,"s:68:26:68:Infinity":24,"s:70:55:73:Infinity":25,"b:75:6:75:Infinity:undefined:undefined:undefined:undefined":2,"s:75:6:75:Infinity":26,"s:75:23:75:Infinity":27,"b:77:6:77:Infinity:undefined:undefined:undefined:undefined":3,"s:77:6:77:Infinity":28,"s:77:25:77:Infinity":29,"b:78:6:78:Infinity:undefined:undefined:undefined:undefined":4,"s:78:6:78:Infinity":30,"s:78:22:78:Infinity":31,"s:80:6:80:Infinity":32,"s:82:6:82:Infinity":33,"s:86:22:110:Infinity":34,"f:86:22:86:34":3,"s:87:4:109:Infinity":35,"s:88:30:92:Infinity":36,"b:94:6:94:Infinity:undefined:undefined:undefined:undefined":5,"s:94:6:94:Infinity":37,"s:94:17:94:Infinity":38,"b:96:6:105:Infinity:undefined:undefined:undefined:undefined":6,"s:96:6:105:Infinity":39,"s:97:8:97:Infinity":40,"s:98:8:98:Infinity":41,"s:99:8:104:Infinity":42,"s:107:6:107:Infinity":43,"s:108:6:108:Infinity":44,"s:112:25:125:Infinity":45,"f:112:25:112:32":4,"b:113:4:113:Infinity:undefined:undefined:undefined:undefined":7,"s:113:4:113:Infinity":46,"s:113:80:113:Infinity":47,"s:115:4:124:Infinity":48,"s:116:24:116:Infinity":49,"b:118:6:118:Infinity:undefined:undefined:undefined:undefined":8,"s:118:6:118:Infinity":50,"s:118:17:118:Infinity":51,"s:120:6:120:Infinity":52,"f:120:36:120:41":5,"s:120:41:120:52":53,"s:121:6:121:Infinity":54,"f:121:30:121:35":6,"s:121:35:121:55":55,"s:123:6:123:Infinity":56,"s:127:25:140:Infinity":57,"f:127:25:127:32":7,"s:128:4:139:Infinity":58,"s:129:24:132:Infinity":59,"b:134:6:134:Infinity:undefined:undefined:undefined:undefined":9,"s:134:6:134:Infinity":60,"s:134:17:134:Infinity":61,"s:136:6:136:Infinity":62,"f:136:33:136:39":8,"s:136:39:136:93":63,"b:136:53:136:91:136:91:136:93":10,"s:138:6:138:Infinity":64,"s:142:33:161:Infinity":65,"f:142:33:142:40":9,"s:143:4:143:Infinity":66,"s:144:4:160:Infinity":67,"s:145:21:145:Infinity":68,"b:146:6:155:Infinity:153:13:155:Infinity":11,"s:146:6:155:Infinity":69,"s:147:32:147:Infinity":70,"b:148:8:152:Infinity:150:15:152:Infinity":12,"s:148:8:152:Infinity":71,"s:149:10:149:Infinity":72,"s:151:10:151:Infinity":73,"s:154:8:154:Infinity":74,"s:157:6:157:Infinity":75,"s:159:6:159:Infinity":76,"s:163:25:179:Infinity":77,"f:163:25:163:32":10,"s:164:4:164:Infinity":78,"s:165:4:178:Infinity":79,"s:166:21:166:Infinity":80,"b:167:6:173:Infinity:171:13:173:Infinity":13,"s:167:6:173:Infinity":81,"s:168:8:168:Infinity":82,"s:169:8:169:Infinity":83,"s:170:8:170:Infinity":84,"s:172:8:172:Infinity":85,"s:175:6:175:Infinity":86,"s:177:6:177:Infinity":87,"s:181:27:205:Infinity":88,"f:181:27:181:34":11,"s:182:4:182:Infinity":89,"s:183:4:204:Infinity":90,"s:184:21:184:Infinity":91,"b:185:6:188:Infinity:undefined:undefined:undefined:undefined":14,"s:185:6:188:Infinity":92,"s:186:8:186:Infinity":93,"s:187:8:187:Infinity":94,"s:190:27:190:Infinity":95,"s:192:6:197:Infinity":96,"s:199:6:199:Infinity":97,"s:201:6:201:Infinity":98,"s:203:6:203:Infinity":99,"s:207:29:237:Infinity":100,"f:207:29:207:36":12,"b:208:4:208:Infinity:undefined:undefined:undefined:undefined":15,"s:208:4:208:Infinity":101,"s:208:27:208:Infinity":102,"s:210:4:236:Infinity":103,"s:211:30:225:Infinity":104,"b:227:6:227:Infinity:undefined:undefined:undefined:undefined":16,"s:227:6:227:Infinity":105,"s:227:17:227:Infinity":106,"b:229:6:232:Infinity:undefined:undefined:undefined:undefined":17,"s:229:6:232:Infinity":107,"s:230:8:230:Infinity":108,"s:231:8:231:Infinity":109,"f:231:52:231:57":13,"s:231:57:231:84":110,"s:234:6:234:Infinity":111,"s:235:6:235:Infinity":112,"s:239:19:260:Infinity":113,"f:239:19:239:31":14,"s:240:4:259:Infinity":114,"s:241:30:241:Infinity":115,"b:243:6:243:Infinity:undefined:undefined:undefined:undefined":18,"s:243:6:243:Infinity":116,"s:243:17:243:Infinity":117,"b:245:6:255:Infinity:undefined:undefined:undefined:undefined":19,"s:245:6:255:Infinity":118,"s:246:8:246:Infinity":119,"s:247:8:247:Infinity":120,"s:248:8:254:Infinity":121,"s:257:6:257:Infinity":122,"s:258:6:258:Infinity":123,"s:262:22:274:Infinity":124,"f:262:22:262:29":15,"b:263:4:263:Infinity:undefined:undefined:undefined:undefined":20,"s:263:4:263:Infinity":125,"s:263:65:263:Infinity":126,"s:265:4:273:Infinity":127,"s:266:24:266:Infinity":128,"b:268:6:268:Infinity:undefined:undefined:undefined:undefined":21,"s:268:6:268:Infinity":129,"s:268:17:268:Infinity":130,"s:270:6:270:Infinity":131,"f:270:30:270:35":16,"s:270:35:270:46":132,"s:272:6:272:Infinity":133,"s:276:22:289:Infinity":134,"f:276:22:276:29":17,"s:277:4:288:Infinity":135,"s:278:24:281:Infinity":136,"b:283:6:283:Infinity:undefined:undefined:undefined:undefined":22,"s:283:6:283:Infinity":137,"s:283:17:283:Infinity":138,"s:285:6:285:Infinity":139,"f:285:27:285:33":18,"s:285:33:285:90":140,"b:285:47:285:88:285:88:285:90":23,"s:287:6:287:Infinity":141,"b:291:2:300:Infinity:undefined:undefined:undefined:undefined":24,"s:291:2:300:Infinity":142,"s:292:4:298:Infinity":143,"s:302:2:756:Infinity":144,"f:317:23:317:29":19,"s:317:29:317:Infinity":145,"f:326:27:326:Infinity":20,"s:327:14:407:Infinity":146,"b:338:24:341:Infinity:343:24:346:Infinity":25,"f:356:31:356:37":21,"s:356:37:356:Infinity":147,"b:357:32:357:69:357:69:357:Infinity":26,"b:362:24:362:Infinity:364:24:364:Infinity":27,"f:368:31:368:37":22,"s:368:37:368:Infinity":148,"b:369:32:369:69:369:69:369:Infinity":28,"f:376:31:376:37":23,"s:376:37:376:Infinity":149,"b:382:24:382:Infinity:384:24:384:Infinity":29,"f:388:31:388:37":24,"s:388:37:388:Infinity":150,"b:390:50:390:62:390:62:390:Infinity":30,"b:393:24:393:Infinity:395:24:395:Infinity":31,"f:399:31:399:37":25,"s:399:37:399:Infinity":151,"b:410:13:410:Infinity:411:14:414:Infinity":32,"f:426:23:426:29":26,"s:426:29:426:Infinity":152,"f:436:24:436:33":27,"s:437:31:437:Infinity":153,"f:437:46:437:51":28,"s:437:51:437:77":154,"s:438:14:480:Infinity":155,"f:461:33:461:39":29,"s:461:39:461:Infinity":156,"b:463:52:463:64:463:64:463:Infinity":33,"b:466:26:466:Infinity:468:26:468:Infinity":34,"f:472:33:472:39":30,"s:472:39:472:Infinity":157,"b:484:13:484:Infinity:485:14:488:Infinity":35,"b:494:7:494:Infinity:495:8:560:Infinity":36,"f:503:28:503:33":31,"s:503:33:503:Infinity":158,"f:518:28:518:33":32,"s:518:33:518:Infinity":159,"f:528:28:528:33":33,"s:528:33:528:Infinity":160,"f:538:28:538:Infinity":34,"s:539:20:539:Infinity":161,"f:552:27:552:33":35,"s:552:33:552:Infinity":162,"b:563:7:563:Infinity:564:8:644:Infinity":37,"f:572:28:572:33":36,"s:572:33:572:Infinity":163,"f:576:33:576:Infinity":37,"s:577:20:579:Infinity":164,"f:588:28:588:33":38,"s:588:33:588:Infinity":165,"f:598:28:598:33":39,"s:598:33:598:Infinity":166,"f:608:28:608:Infinity":40,"s:609:20:609:Infinity":167,"f:618:28:618:33":41,"s:618:33:618:Infinity":168,"b:630:28:630:53:630:53:630:77:630:77:630:Infinity":38,"f:636:27:636:33":42,"s:636:33:636:Infinity":169,"b:647:7:647:26:647:26:647:Infinity:648:8:754:Infinity":39,"f:658:25:658:31":43,"s:659:18:659:Infinity":170,"s:660:18:660:Infinity":171,"s:661:18:661:Infinity":172,"b:670:14:673:Infinity:675:14:726:Infinity":40,"f:676:38:676:Infinity":44,"s:677:18:724:Infinity":173,"b:685:27:685:Infinity:686:28:689:Infinity":41,"b:691:27:691:Infinity:692:28:694:Infinity":42,"b:699:27:699:Infinity:700:28:700:Infinity":43,"b:702:27:702:Infinity:703:28:705:Infinity":44,"b:707:27:707:Infinity:708:28:708:Infinity":45,"b:710:27:710:41:710:41:710:Infinity:711:28:713:Infinity":46,"f:718:33:718:39":45,"s:718:39:718:Infinity":174,"f:731:25:731:37":46,"b:732:18:732:Infinity:undefined:undefined:undefined:undefined":47,"s:732:18:732:Infinity":175,"s:732:41:732:Infinity":176,"s:733:18:733:Infinity":177,"s:734:18:734:Infinity":178,"s:735:18:735:Infinity":179,"s:736:18:736:Infinity":180,"f:743:25:743:31":47,"s:744:18:744:Infinity":181,"s:745:18:745:Infinity":182,"s:746:18:746:Infinity":183}}}
,"C:\\Repos GIT\\Blot.new-DLX\\src\\components\\TokenAnalytics.tsx": {"path":"C:\\Repos GIT\\Blot.new-DLX\\src\\components\\TokenAnalytics.tsx","statementMap":{"0":{"start":{"line":19,"column":24},"end":{"line":24,"column":null}},"1":{"start":{"line":25,"column":28},"end":{"line":25,"column":null}},"2":{"start":{"line":26,"column":38},"end":{"line":26,"column":null}},"3":{"start":{"line":27,"column":40},"end":{"line":34,"column":null}},"4":{"start":{"line":35,"column":28},"end":{"line":35,"column":null}},"5":{"start":{"line":36,"column":46},"end":{"line":40,"column":null}},"6":{"start":{"line":42,"column":2},"end":{"line":44,"column":null}},"7":{"start":{"line":43,"column":4},"end":{"line":43,"column":null}},"8":{"start":{"line":46,"column":24},"end":{"line":71,"column":null}},"9":{"start":{"line":47,"column":4},"end":{"line":70,"column":null}},"10":{"start":{"line":48,"column":6},"end":{"line":48,"column":null}},"11":{"start":{"line":50,"column":28},"end":{"line":50,"column":null}},"12":{"start":{"line":51,"column":6},"end":{"line":51,"column":null}},"13":{"start":{"line":53,"column":72},"end":{"line":60,"column":null}},"14":{"start":{"line":62,"column":6},"end":{"line":62,"column":null}},"15":{"start":{"line":63,"column":6},"end":{"line":63,"column":null}},"16":{"start":{"line":64,"column":6},"end":{"line":64,"column":null}},"17":{"start":{"line":65,"column":6},"end":{"line":65,"column":null}},"18":{"start":{"line":67,"column":6},"end":{"line":67,"column":null}},"19":{"start":{"line":69,"column":6},"end":{"line":69,"column":null}},"20":{"start":{"line":73,"column":24},"end":{"line":78,"column":null}},"21":{"start":{"line":74,"column":4},"end":{"line":77,"column":null}},"22":{"start":{"line":74,"column":33},"end":{"line":77,"column":6}},"23":{"start":{"line":80,"column":21},"end":{"line":84,"column":null}},"24":{"start":{"line":81,"column":4},"end":{"line":81,"column":null}},"25":{"start":{"line":81,"column":20},"end":{"line":81,"column":null}},"26":{"start":{"line":82,"column":4},"end":{"line":82,"column":null}},"27":{"start":{"line":82,"column":21},"end":{"line":82,"column":null}},"28":{"start":{"line":83,"column":4},"end":{"line":83,"column":null}},"29":{"start":{"line":86,"column":23},"end":{"line":94,"column":null}},"30":{"start":{"line":87,"column":4},"end":{"line":89,"column":null}},"31":{"start":{"line":88,"column":6},"end":{"line":88,"column":null}},"32":{"start":{"line":90,"column":4},"end":{"line":92,"column":null}},"33":{"start":{"line":91,"column":6},"end":{"line":91,"column":null}},"34":{"start":{"line":93,"column":4},"end":{"line":93,"column":null}},"35":{"start":{"line":96,"column":26},"end":{"line":119,"column":null}},"36":{"start":{"line":103,"column":29},"end":{"line":103,"column":null}},"37":{"start":{"line":104,"column":28},"end":{"line":104,"column":null}},"38":{"start":{"line":105,"column":23},"end":{"line":105,"column":null}},"39":{"start":{"line":107,"column":16},"end":{"line":107,"column":null}},"40":{"start":{"line":108,"column":20},"end":{"line":108,"column":null}},"41":{"start":{"line":110,"column":4},"end":{"line":116,"column":null}},"42":{"start":{"line":111,"column":6},"end":{"line":111,"column":null}},"43":{"start":{"line":112,"column":6},"end":{"line":112,"column":null}},"44":{"start":{"line":113,"column":4},"end":{"line":116,"column":null}},"45":{"start":{"line":114,"column":6},"end":{"line":114,"column":null}},"46":{"start":{"line":115,"column":6},"end":{"line":115,"column":null}},"47":{"start":{"line":118,"column":4},"end":{"line":118,"column":null}},"48":{"start":{"line":121,"column":2},"end":{"line":130,"column":null}},"49":{"start":{"line":122,"column":4},"end":{"line":128,"column":null}},"50":{"start":{"line":132,"column":2},"end":{"line":353,"column":null}},"51":{"start":{"line":136,"column":25},"end":{"line":136,"column":null}},"52":{"start":{"line":183,"column":25},"end":{"line":183,"column":null}},"53":{"start":{"line":198,"column":57},"end":{"line":198,"column":null}},"54":{"start":{"line":200,"column":16},"end":{"line":264,"column":null}},"55":{"start":{"line":274,"column":25},"end":{"line":274,"column":null}},"56":{"start":{"line":315,"column":20},"end":{"line":336,"column":null}}},"fnMap":{"0":{"name":"TokenAnalytics","decl":{"start":{"line":18,"column":24},"end":{"line":18,"column":41}},"loc":{"start":{"line":18,"column":41},"end":{"line":355,"column":null}},"line":18},"1":{"name":"(anonymous_1)","decl":{"start":{"line":42,"column":12},"end":{"line":42,"column":18}},"loc":{"start":{"line":42,"column":18},"end":{"line":44,"column":5}},"line":42},"2":{"name":"(anonymous_2)","decl":{"start":{"line":46,"column":24},"end":{"line":46,"column":36}},"loc":{"start":{"line":46,"column":36},"end":{"line":71,"column":null}},"line":46},"3":{"name":"(anonymous_3)","decl":{"start":{"line":73,"column":24},"end":{"line":73,"column":25}},"loc":{"start":{"line":73,"column":68},"end":{"line":78,"column":null}},"line":73},"4":{"name":"(anonymous_4)","decl":{"start":{"line":74,"column":24},"end":{"line":74,"column":33}},"loc":{"start":{"line":74,"column":33},"end":{"line":77,"column":6}},"line":74},"5":{"name":"(anonymous_5)","decl":{"start":{"line":80,"column":21},"end":{"line":80,"column":22}},"loc":{"start":{"line":80,"column":47},"end":{"line":84,"column":null}},"line":80},"6":{"name":"(anonymous_6)","decl":{"start":{"line":86,"column":23},"end":{"line":86,"column":24}},"loc":{"start":{"line":86,"column":48},"end":{"line":94,"column":null}},"line":86},"7":{"name":"(anonymous_7)","decl":{"start":{"line":96,"column":26},"end":{"line":96,"column":null}},"loc":{"start":{"line":102,"column":7},"end":{"line":119,"column":null}},"line":102},"8":{"name":"(anonymous_8)","decl":{"start":{"line":136,"column":19},"end":{"line":136,"column":25}},"loc":{"start":{"line":136,"column":25},"end":{"line":136,"column":null}},"line":136},"9":{"name":"(anonymous_9)","decl":{"start":{"line":183,"column":19},"end":{"line":183,"column":25}},"loc":{"start":{"line":183,"column":25},"end":{"line":183,"column":null}},"line":183},"10":{"name":"(anonymous_10)","decl":{"start":{"line":197,"column":26},"end":{"line":197,"column":36}},"loc":{"start":{"line":197,"column":36},"end":{"line":266,"column":15}},"line":197},"11":{"name":"(anonymous_11)","decl":{"start":{"line":274,"column":19},"end":{"line":274,"column":25}},"loc":{"start":{"line":274,"column":25},"end":{"line":274,"column":null}},"line":274},"12":{"name":"(anonymous_12)","decl":{"start":{"line":314,"column":36},"end":{"line":314,"column":37}},"loc":{"start":{"line":315,"column":20},"end":{"line":336,"column":null}},"line":315}},"branchMap":{"0":{"loc":{"start":{"line":81,"column":4},"end":{"line":81,"column":null}},"type":"if","locations":[{"start":{"line":81,"column":4},"end":{"line":81,"column":null}},{"start":{},"end":{}}],"line":81},"1":{"loc":{"start":{"line":82,"column":4},"end":{"line":82,"column":null}},"type":"if","locations":[{"start":{"line":82,"column":4},"end":{"line":82,"column":null}},{"start":{},"end":{}}],"line":82},"2":{"loc":{"start":{"line":87,"column":4},"end":{"line":89,"column":null}},"type":"if","locations":[{"start":{"line":87,"column":4},"end":{"line":89,"column":null}},{"start":{},"end":{}}],"line":87},"3":{"loc":{"start":{"line":90,"column":4},"end":{"line":92,"column":null}},"type":"if","locations":[{"start":{"line":90,"column":4},"end":{"line":92,"column":null}},{"start":{},"end":{}}],"line":90},"4":{"loc":{"start":{"line":110,"column":4},"end":{"line":116,"column":null}},"type":"if","locations":[{"start":{"line":110,"column":4},"end":{"line":116,"column":null}},{"start":{"line":113,"column":4},"end":{"line":116,"column":null}}],"line":110},"5":{"loc":{"start":{"line":113,"column":4},"end":{"line":116,"column":null}},"type":"if","locations":[{"start":{"line":113,"column":4},"end":{"line":116,"column":null}},{"start":{},"end":{}}],"line":113},"6":{"loc":{"start":{"line":121,"column":2},"end":{"line":130,"column":null}},"type":"if","locations":[{"start":{"line":121,"column":2},"end":{"line":130,"column":null}},{"start":{},"end":{}}],"line":121},"7":{"loc":{"start":{"line":140,"column":11},"end":{"line":140,"column":null}},"type":"cond-expr","locations":[{"start":{"line":140,"column":39},"end":{"line":140,"column":65}},{"start":{"line":140,"column":65},"end":{"line":140,"column":null}}],"line":140},"8":{"loc":{"start":{"line":143,"column":9},"end":{"line":177,"column":null}},"type":"binary-expr","locations":[{"start":{"line":143,"column":9},"end":{"line":143,"column":null}},{"start":{"line":144,"column":10},"end":{"line":177,"column":null}}],"line":143},"9":{"loc":{"start":{"line":187,"column":11},"end":{"line":187,"column":null}},"type":"cond-expr","locations":[{"start":{"line":187,"column":38},"end":{"line":187,"column":64}},{"start":{"line":187,"column":64},"end":{"line":187,"column":null}}],"line":187},"10":{"loc":{"start":{"line":190,"column":9},"end":{"line":268,"column":null}},"type":"binary-expr","locations":[{"start":{"line":190,"column":9},"end":{"line":190,"column":null}},{"start":{"line":191,"column":10},"end":{"line":268,"column":null}}],"line":190},"11":{"loc":{"start":{"line":192,"column":13},"end":{"line":266,"column":null}},"type":"cond-expr","locations":[{"start":{"line":193,"column":14},"end":{"line":195,"column":null}},{"start":{"line":197,"column":14},"end":{"line":266,"column":null}}],"line":192},"12":{"loc":{"start":{"line":211,"column":27},"end":{"line":211,"column":null}},"type":"binary-expr","locations":[{"start":{"line":211,"column":27},"end":{"line":211,"column":40}},{"start":{"line":211,"column":40},"end":{"line":211,"column":null}}],"line":211},"13":{"loc":{"start":{"line":219,"column":26},"end":{"line":221,"column":null}},"type":"cond-expr","locations":[{"start":{"line":220,"column":30},"end":{"line":220,"column":null}},{"start":{"line":221,"column":30},"end":{"line":221,"column":null}}],"line":219},"14":{"loc":{"start":{"line":224,"column":25},"end":{"line":224,"column":null}},"type":"cond-expr","locations":[{"start":{"line":224,"column":44},"end":{"line":224,"column":55}},{"start":{"line":224,"column":55},"end":{"line":224,"column":null}}],"line":224},"15":{"loc":{"start":{"line":278,"column":11},"end":{"line":278,"column":null}},"type":"cond-expr","locations":[{"start":{"line":278,"column":40},"end":{"line":278,"column":66}},{"start":{"line":278,"column":66},"end":{"line":278,"column":null}}],"line":278},"16":{"loc":{"start":{"line":281,"column":9},"end":{"line":341,"column":null}},"type":"binary-expr","locations":[{"start":{"line":281,"column":9},"end":{"line":281,"column":null}},{"start":{"line":282,"column":10},"end":{"line":341,"column":null}}],"line":281},"17":{"loc":{"start":{"line":310,"column":15},"end":{"line":338,"column":null}},"type":"cond-expr","locations":[{"start":{"line":311,"column":16},"end":{"line":311,"column":null}},{"start":{"line":313,"column":16},"end":{"line":338,"column":null}}],"line":310}},"s":{"0":16,"1":16,"2":16,"3":16,"4":16,"5":16,"6":16,"7":8,"8":16,"9":8,"10":8,"11":8,"12":8,"13":8,"14":7,"15":7,"16":7,"17":7,"18":1,"19":8,"20":16,"21":0,"22":0,"23":16,"24":16,"25":9,"26":7,"27":0,"28":7,"29":16,"30":16,"31":0,"32":16,"33":15,"34":1,"35":16,"36":0,"37":0,"38":0,"39":0,"40":0,"41":0,"42":0,"43":0,"44":0,"45":0,"46":0,"47":0,"48":16,"49":8,"50":8,"51":0,"52":0,"53":0,"54":0,"55":0,"56":8},"f":{"0":16,"1":8,"2":8,"3":0,"4":0,"5":16,"6":16,"7":0,"8":0,"9":0,"10":0,"11":0,"12":8},"b":{"0":[9,7],"1":[0,7],"2":[0,16],"3":[15,1],"4":[0,0],"5":[0,0],"6":[8,8],"7":[8,0],"8":[16,8],"9":[8,0],"10":[16,8],"11":[8,0],"12":[0,0],"13":[0,0],"14":[0,0],"15":[8,0],"16":[16,8],"17":[1,7]},"meta":{"lastBranch":18,"lastFunction":13,"lastStatement":57,"seen":{"f:18:24:18:41":0,"s:19:24:24:Infinity":0,"s:25:28:25:Infinity":1,"s:26:38:26:Infinity":2,"s:27:40:34:Infinity":3,"s:35:28:35:Infinity":4,"s:36:46:40:Infinity":5,"s:42:2:44:Infinity":6,"f:42:12:42:18":1,"s:43:4:43:Infinity":7,"s:46:24:71:Infinity":8,"f:46:24:46:36":2,"s:47:4:70:Infinity":9,"s:48:6:48:Infinity":10,"s:50:28:50:Infinity":11,"s:51:6:51:Infinity":12,"s:53:72:60:Infinity":13,"s:62:6:62:Infinity":14,"s:63:6:63:Infinity":15,"s:64:6:64:Infinity":16,"s:65:6:65:Infinity":17,"s:67:6:67:Infinity":18,"s:69:6:69:Infinity":19,"s:73:24:78:Infinity":20,"f:73:24:73:25":3,"s:74:4:77:Infinity":21,"f:74:24:74:33":4,"s:74:33:77:6":22,"s:80:21:84:Infinity":23,"f:80:21:80:22":5,"b:81:4:81:Infinity:undefined:undefined:undefined:undefined":0,"s:81:4:81:Infinity":24,"s:81:20:81:Infinity":25,"b:82:4:82:Infinity:undefined:undefined:undefined:undefined":1,"s:82:4:82:Infinity":26,"s:82:21:82:Infinity":27,"s:83:4:83:Infinity":28,"s:86:23:94:Infinity":29,"f:86:23:86:24":6,"b:87:4:89:Infinity:undefined:undefined:undefined:undefined":2,"s:87:4:89:Infinity":30,"s:88:6:88:Infinity":31,"b:90:4:92:Infinity:undefined:undefined:undefined:undefined":3,"s:90:4:92:Infinity":32,"s:91:6:91:Infinity":33,"s:93:4:93:Infinity":34,"s:96:26:119:Infinity":35,"f:96:26:96:Infinity":7,"s:103:29:103:Infinity":36,"s:104:28:104:Infinity":37,"s:105:23:105:Infinity":38,"s:107:16:107:Infinity":39,"s:108:20:108:Infinity":40,"b:110:4:116:Infinity:113:4:116:Infinity":4,"s:110:4:116:Infinity":41,"s:111:6:111:Infinity":42,"s:112:6:112:Infinity":43,"b:113:4:116:Infinity:undefined:undefined:undefined:undefined":5,"s:113:4:116:Infinity":44,"s:114:6:114:Infinity":45,"s:115:6:115:Infinity":46,"s:118:4:118:Infinity":47,"b:121:2:130:Infinity:undefined:undefined:undefined:undefined":6,"s:121:2:130:Infinity":48,"s:122:4:128:Infinity":49,"s:132:2:353:Infinity":50,"f:136:19:136:25":8,"s:136:25:136:Infinity":51,"b:140:39:140:65:140:65:140:Infinity":7,"b:143:9:143:Infinity:144:10:177:Infinity":8,"f:183:19:183:25":9,"s:183:25:183:Infinity":52,"b:187:38:187:64:187:64:187:Infinity":9,"b:190:9:190:Infinity:191:10:268:Infinity":10,"b:193:14:195:Infinity:197:14:266:Infinity":11,"f:197:26:197:36":10,"s:198:57:198:Infinity":53,"s:200:16:264:Infinity":54,"b:211:27:211:40:211:40:211:Infinity":12,"b:220:30:220:Infinity:221:30:221:Infinity":13,"b:224:44:224:55:224:55:224:Infinity":14,"f:274:19:274:25":11,"s:274:25:274:Infinity":55,"b:278:40:278:66:278:66:278:Infinity":15,"b:281:9:281:Infinity:282:10:341:Infinity":16,"b:311:16:311:Infinity:313:16:338:Infinity":17,"f:314:36:314:37":12,"s:315:20:336:Infinity":56}}}
,"C:\\Repos GIT\\Blot.new-DLX\\src\\lib\\storage.ts": {"path":"C:\\Repos GIT\\Blot.new-DLX\\src\\lib\\storage.ts","statementMap":{"0":{"start":{"line":29,"column":19},"end":{"line":29,"column":null}},"1":{"start":{"line":30,"column":20},"end":{"line":30,"column":null}},"2":{"start":{"line":31,"column":35},"end":{"line":31,"column":null}},"3":{"start":{"line":34,"column":4},"end":{"line":34,"column":null}},"4":{"start":{"line":38,"column":4},"end":{"line":67,"column":null}},"5":{"start":{"line":39,"column":22},"end":{"line":39,"column":null}},"6":{"start":{"line":41,"column":6},"end":{"line":41,"column":null}},"7":{"start":{"line":41,"column":30},"end":{"line":41,"column":null}},"8":{"start":{"line":42,"column":6},"end":{"line":45,"column":null}},"9":{"start":{"line":43,"column":8},"end":{"line":43,"column":null}},"10":{"start":{"line":44,"column":8},"end":{"line":44,"column":null}},"11":{"start":{"line":47,"column":6},"end":{"line":66,"column":null}},"12":{"start":{"line":48,"column":20},"end":{"line":48,"column":null}},"13":{"start":{"line":51,"column":8},"end":{"line":53,"column":null}},"14":{"start":{"line":52,"column":10},"end":{"line":52,"column":null}},"15":{"start":{"line":54,"column":8},"end":{"line":56,"column":null}},"16":{"start":{"line":55,"column":10},"end":{"line":55,"column":null}},"17":{"start":{"line":57,"column":8},"end":{"line":59,"column":null}},"18":{"start":{"line":58,"column":10},"end":{"line":58,"column":null}},"19":{"start":{"line":60,"column":8},"end":{"line":62,"column":null}},"20":{"start":{"line":61,"column":10},"end":{"line":61,"column":null}},"21":{"start":{"line":63,"column":8},"end":{"line":65,"column":null}},"22":{"start":{"line":64,"column":10},"end":{"line":64,"column":null}},"23":{"start":{"line":71,"column":4},"end":{"line":88,"column":null}},"24":{"start":{"line":72,"column":6},"end":{"line":72,"column":null}},"25":{"start":{"line":73,"column":6},"end":{"line":85,"column":null}},"26":{"start":{"line":74,"column":28},"end":{"line":74,"column":null}},"27":{"start":{"line":75,"column":22},"end":{"line":75,"column":null}},"28":{"start":{"line":76,"column":24},"end":{"line":76,"column":null}},"29":{"start":{"line":78,"column":8},"end":{"line":80,"column":null}},"30":{"start":{"line":79,"column":10},"end":{"line":79,"column":null}},"31":{"start":{"line":82,"column":8},"end":{"line":84,"column":null}},"32":{"start":{"line":83,"column":10},"end":{"line":83,"column":null}},"33":{"start":{"line":87,"column":6},"end":{"line":87,"column":null}},"34":{"start":{"line":92,"column":4},"end":{"line":109,"column":null}},"35":{"start":{"line":93,"column":6},"end":{"line":93,"column":null}},"36":{"start":{"line":94,"column":6},"end":{"line":106,"column":null}},"37":{"start":{"line":95,"column":28},"end":{"line":95,"column":null}},"38":{"start":{"line":96,"column":22},"end":{"line":96,"column":null}},"39":{"start":{"line":97,"column":24},"end":{"line":97,"column":null}},"40":{"start":{"line":99,"column":8},"end":{"line":101,"column":null}},"41":{"start":{"line":100,"column":10},"end":{"line":100,"column":null}},"42":{"start":{"line":103,"column":8},"end":{"line":105,"column":null}},"43":{"start":{"line":104,"column":10},"end":{"line":104,"column":null}},"44":{"start":{"line":108,"column":6},"end":{"line":108,"column":null}},"45":{"start":{"line":113,"column":4},"end":{"line":130,"column":null}},"46":{"start":{"line":114,"column":6},"end":{"line":114,"column":null}},"47":{"start":{"line":115,"column":6},"end":{"line":127,"column":null}},"48":{"start":{"line":116,"column":28},"end":{"line":116,"column":null}},"49":{"start":{"line":117,"column":22},"end":{"line":117,"column":null}},"50":{"start":{"line":118,"column":24},"end":{"line":118,"column":null}},"51":{"start":{"line":120,"column":8},"end":{"line":122,"column":null}},"52":{"start":{"line":121,"column":10},"end":{"line":121,"column":null}},"53":{"start":{"line":124,"column":8},"end":{"line":126,"column":null}},"54":{"start":{"line":125,"column":10},"end":{"line":125,"column":null}},"55":{"start":{"line":129,"column":6},"end":{"line":129,"column":null}},"56":{"start":{"line":134,"column":4},"end":{"line":151,"column":null}},"57":{"start":{"line":135,"column":6},"end":{"line":135,"column":null}},"58":{"start":{"line":136,"column":6},"end":{"line":148,"column":null}},"59":{"start":{"line":137,"column":28},"end":{"line":137,"column":null}},"60":{"start":{"line":138,"column":22},"end":{"line":138,"column":null}},"61":{"start":{"line":139,"column":24},"end":{"line":139,"column":null}},"62":{"start":{"line":141,"column":8},"end":{"line":143,"column":null}},"63":{"start":{"line":142,"column":10},"end":{"line":142,"column":null}},"64":{"start":{"line":145,"column":8},"end":{"line":147,"column":null}},"65":{"start":{"line":146,"column":10},"end":{"line":146,"column":null}},"66":{"start":{"line":150,"column":6},"end":{"line":150,"column":null}},"67":{"start":{"line":156,"column":17},"end":{"line":156,"column":null}},"68":{"start":{"line":159,"column":31},"end":{"line":246,"column":null}},"69":{"start":{"line":164,"column":39},"end":{"line":244,"column":null}},"70":{"start":{"line":166,"column":10},"end":{"line":166,"column":null}},"71":{"start":{"line":169,"column":10},"end":{"line":172,"column":null}},"72":{"start":{"line":175,"column":10},"end":{"line":175,"column":null}},"73":{"start":{"line":178,"column":10},"end":{"line":178,"column":null}},"74":{"start":{"line":181,"column":10},"end":{"line":181,"column":null}},"75":{"start":{"line":184,"column":10},"end":{"line":184,"column":null}},"76":{"start":{"line":187,"column":25},"end":{"line":187,"column":null}},"77":{"start":{"line":188,"column":10},"end":{"line":188,"column":null}},"78":{"start":{"line":188,"column":28},"end":{"line":188,"column":null}},"79":{"start":{"line":190,"column":25},"end":{"line":190,"column":null}},"80":{"start":{"line":193,"column":10},"end":{"line":205,"column":null}},"81":{"start":{"line":194,"column":12},"end":{"line":204,"column":null}},"82":{"start":{"line":195,"column":14},"end":{"line":195,"column":null}},"83":{"start":{"line":195,"column":56},"end":{"line":195,"column":92}},"84":{"start":{"line":196,"column":12},"end":{"line":204,"column":null}},"85":{"start":{"line":197,"column":14},"end":{"line":199,"column":null}},"86":{"start":{"line":198,"column":17},"end":{"line":198,"column":null}},"87":{"start":{"line":200,"column":12},"end":{"line":204,"column":null}},"88":{"start":{"line":201,"column":14},"end":{"line":201,"column":null}},"89":{"start":{"line":201,"column":56},"end":{"line":201,"column":91}},"90":{"start":{"line":202,"column":12},"end":{"line":204,"column":null}},"91":{"start":{"line":203,"column":14},"end":{"line":203,"column":null}},"92":{"start":{"line":203,"column":56},"end":{"line":203,"column":90}},"93":{"start":{"line":208,"column":10},"end":{"line":216,"column":null}},"94":{"start":{"line":209,"column":12},"end":{"line":215,"column":null}},"95":{"start":{"line":210,"column":27},"end":{"line":210,"column":null}},"96":{"start":{"line":211,"column":27},"end":{"line":211,"column":null}},"97":{"start":{"line":212,"column":14},"end":{"line":212,"column":null}},"98":{"start":{"line":212,"column":31},"end":{"line":212,"column":null}},"99":{"start":{"line":213,"column":14},"end":{"line":213,"column":null}},"100":{"start":{"line":213,"column":31},"end":{"line":213,"column":null}},"101":{"start":{"line":214,"column":14},"end":{"line":214,"column":null}},"102":{"start":{"line":219,"column":10},"end":{"line":221,"column":null}},"103":{"start":{"line":220,"column":12},"end":{"line":220,"column":null}},"104":{"start":{"line":223,"column":10},"end":{"line":223,"column":null}},"105":{"start":{"line":226,"column":25},"end":{"line":226,"column":null}},"106":{"start":{"line":227,"column":10},"end":{"line":227,"column":null}},"107":{"start":{"line":227,"column":28},"end":{"line":227,"column":null}},"108":{"start":{"line":228,"column":23},"end":{"line":228,"column":null}},"109":{"start":{"line":229,"column":10},"end":
[...]
,"C:\\Repos GIT\\Blot.new-DLX\\src\\services\\tokenTracking.ts": {"path":"C:\\Repos GIT\\Blot.new-DLX\\src\\services\\tokenTracking.ts","statementMap":{"0":{"start":{"line":51,"column":91},"end":{"line":58,"column":null}},"1":{"start":{"line":238,"column":20},"end":{"line":238,"column":null}},"2":{"start":{"line":61,"column":24},"end":{"line":61,"column":null}},"3":{"start":{"line":62,"column":26},"end":{"line":66,"column":null}},"4":{"start":{"line":68,"column":31},"end":{"line":82,"column":null}},"5":{"start":{"line":84,"column":4},"end":{"line":84,"column":null}},"6":{"start":{"line":95,"column":27},"end":{"line":95,"column":null}},"7":{"start":{"line":97,"column":4},"end":{"line":99,"column":null}},"8":{"start":{"line":98,"column":6},"end":{"line":98,"column":null}},"9":{"start":{"line":101,"column":4},"end":{"line":110,"column":null}},"10":{"start":{"line":102,"column":21},"end":{"line":102,"column":59}},"11":{"start":{"line":103,"column":19},"end":{"line":110,"column":8}},"12":{"start":{"line":114,"column":18},"end":{"line":114,"column":null}},"13":{"start":{"line":115,"column":4},"end":{"line":115,"column":null}},"14":{"start":{"line":123,"column":27},"end":{"line":123,"column":null}},"15":{"start":{"line":125,"column":4},"end":{"line":134,"column":null}},"16":{"start":{"line":126,"column":6},"end":{"line":133,"column":null}},"17":{"start":{"line":137,"column":23},"end":{"line":137,"column":null}},"18":{"start":{"line":139,"column":4},"end":{"line":141,"column":null}},"19":{"start":{"line":140,"column":6},"end":{"line":140,"column":null}},"20":{"start":{"line":140,"column":48},"end":{"line":140,"column":84}},"21":{"start":{"line":142,"column":4},"end":{"line":144,"column":null}},"22":{"start":{"line":143,"column":6},"end":{"line":143,"column":null}},"23":{"start":{"line":143,"column":48},"end":{"line":143,"column":82}},"24":{"start":{"line":145,"column":4},"end":{"line":147,"column":null}},"25":{"start":{"line":146,"column":6},"end":{"line":146,"column":null}},"26":{"start":{"line":146,"column":48},"end":{"line":146,"column":76}},"27":{"start":{"line":149,"column":4},"end":{"line":158,"column":null}},"28":{"start":{"line":150,"column":6},"end":{"line":157,"column":null}},"29":{"start":{"line":160,"column":24},"end":{"line":160,"column":null}},"30":{"start":{"line":160,"column":58},"end":{"line":160,"column":82}},"31":{"start":{"line":161,"column":22},"end":{"line":161,"column":null}},"32":{"start":{"line":161,"column":56},"end":{"line":161,"column":82}},"33":{"start":{"line":162,"column":30},"end":{"line":162,"column":null}},"34":{"start":{"line":162,"column":64},"end":{"line":162,"column":92}},"35":{"start":{"line":163,"column":31},"end":{"line":163,"column":null}},"36":{"start":{"line":163,"column":58},"end":{"line":163,"column":82}},"37":{"start":{"line":165,"column":4},"end":{"line":172,"column":null}},"38":{"start":{"line":180,"column":20},"end":{"line":184,"column":null}},"39":{"start":{"line":185,"column":4},"end":{"line":188,"column":null}},"40":{"start":{"line":192,"column":22},"end":{"line":192,"column":null}},"41":{"start":{"line":193,"column":4},"end":{"line":195,"column":null}},"42":{"start":{"line":194,"column":22},"end":{"line":194,"column":55}},"43":{"start":{"line":199,"column":27},"end":{"line":199,"column":null}},"44":{"start":{"line":201,"column":4},"end":{"line":201,"column":null}},"45":{"start":{"line":201,"column":15},"end":{"line":201,"column":null}},"46":{"start":{"line":204,"column":23},"end":{"line":204,"column":null}},"47":{"start":{"line":205,"column":4},"end":{"line":207,"column":null}},"48":{"start":{"line":206,"column":6},"end":{"line":206,"column":null}},"49":{"start":{"line":206,"column":48},"end":{"line":206,"column":84}},"50":{"start":{"line":208,"column":4},"end":{"line":210,"column":null}},"51":{"start":{"line":209,"column":6},"end":{"line":209,"column":null}},"52":{"start":{"line":209,"column":48},"end":{"line":209,"column":82}},"53":{"start":{"line":213,"column":26},"end":{"line":213,"column":null}},"54":{"start":{"line":215,"column":4},"end":{"line":230,"column":null}},"55":{"start":{"line":216,"column":25},"end":{"line":216,"column":null}},"56":{"start":{"line":217,"column":23},"end":{"line":223,"column":null}},"57":{"start":{"line":225,"column":6},"end":{"line":225,"column":null}},"58":{"start":{"line":226,"column":6},"end":{"line":226,"column":null}},"59":{"start":{"line":227,"column":6},"end":{"line":227,"column":null}},"60":{"start":{"line":229,"column":6},"end":{"line":229,"column":null}},"61":{"start":{"line":232,"column":4},"end":{"line":234,"column":null}},"62":{"start":{"line":233,"column":22},"end":{"line":233,"column":55}},"63":{"start":{"line":241,"column":4},"end":{"line":241,"column":null}},"64":{"start":{"line":247,"column":19},"end":{"line":247,"column":null}},"65":{"start":{"line":248,"column":4},"end":{"line":250,"column":null}},"66":{"start":{"line":249,"column":6},"end":{"line":249,"column":null}},"67":{"start":{"line":253,"column":16},"end":{"line":253,"column":null}},"68":{"start":{"line":255,"column":6},"end":{"line":257,"column":null}},"69":{"start":{"line":259,"column":20},"end":{"line":259,"column":null}},"70":{"start":{"line":261,"column":4},"end":{"line":265,"column":null}},"71":{"start":{"line":270,"column":27},"end":{"line":270,"column":null}},"72":{"start":{"line":271,"column":4},"end":{"line":278,"column":null}},"73":{"start":{"line":272,"column":21},"end":{"line":272,"column":null}},"74":{"start":{"line":273,"column":6},"end":{"line":277,"column":null}},"75":{"start":{"line":279,"column":4},"end":{"line":279,"column":null}},"76":{"start":{"line":283,"column":36},"end":{"line":283,"column":null}}},"fnMap":{"0":{"name":"(anonymous_0)","decl":{"start":{"line":60,"column":8},"end":{"line":60,"column":22}},"loc":{"start":{"line":60,"column":68},"end":{"line":85,"column":null}},"line":60},"1":{"name":"(anonymous_1)","decl":{"start":{"line":87,"column":8},"end":{"line":87,"column":22}},"loc":{"start":{"line":94,"column":6},"end":{"line":111,"column":null}},"line":94},"2":{"name":"(anonymous_2)","decl":{"start":{"line":102,"column":14},"end":{"line":102,"column":21}},"loc":{"start":{"line":102,"column":21},"end":{"line":102,"column":59}},"line":102},"3":{"name":"(anonymous_3)","decl":{"start":{"line":103,"column":11},"end":{"line":103,"column":19}},"loc":{"start":{"line":103,"column":19},"end":{"line":110,"column":8}},"line":103},"4":{"name":"(anonymous_4)","decl":{"start":{"line":113,"column":10},"end":{"line":113,"column":24}},"loc":{"start":{"line":113,"column":97},"end":{"line":116,"column":null}},"line":113},"5":{"name":"(anonymous_5)","decl":{"start":{"line":118,"column":8},"end":{"line":118,"column":null}},"loc":{"start":{"line":122,"column":27},"end":{"line":173,"column":null}},"line":122},"6":{"name":"(anonymous_6)","decl":{"start":{"line":140,"column":41},"end":{"line":140,"column":48}},"loc":{"start":{"line":140,"column":48},"end":{"line":140,"column":84}},"line":140},"7":{"name":"(anonymous_7)","decl":{"start":{"line":143,"column":41},"end":{"line":143,"column":48}},"loc":{"start":{"line":143,"column":48},"end":{"line":143,"column":82}},"line":143},"8":{"name":"(anonymous_8)","decl":{"start":{"line":146,"column":41},"end":{"line":146,"column":48}},"loc":{"start":{"line":146,"column":48},"end":{"line":146,"column":76}},"line":146},"9":{"name":"(anonymous_9)","decl":{"start":{"line":160,"column":44},"end":{"line":160,"column":45}},"loc":{"start":{"line":160,"column":58},"end":{"line":160,"column":82}},"line":160},"10":{"name":"(anonymous_10)","decl":{"start":{"line":161,"column":42},"end":{"line":161,"column":43}},"loc":{"start":{"line":161,"column":56},"end":{"line":161,"column":82}},"line":161},"11":{"name":"(anonymous_11)","decl":{"start":{"line":162,"column":50},"end":{"line":162,"column":51}},"loc":{"start":{"line":162,"column":64},"end":{"line":162,"column":92}},"line":162},"12":{"name":"(anonymous_12)","decl":{"start":{"line":163,"column":51},"end":{"line":163,"column":58}},"loc":{"start":{"line":163,"column":58},"end":{"line":163,"column":82}},"line":163},"13":{"name":"(anonymous_13)","decl":{"start":{"line":175,"column":8},"end":{"line":175,"column":22}},"loc":{"start":{"line":179,"column":58},"end":{"line":189,"column":null}},"line":179},"14":{"name":"(anonymous_14)","decl":{"start":{"line":191,"column":8},"end":{"line":191,"column":24}},"loc":{"start":{"line":191,"column":75},"end":{"line":196,"column":null}},"line":191},"15":{"name":"(anonymous_15)","decl":{"start":{"line":194,"column":12},"end":{"line":194,"column":13}},"loc":{"start":{"line":194,"column":22},"end":{"line":194,"column":55}},"line":194},"16":{"name":"(anonymous_16)","decl":{"start":{"line":198,"column":8},"end":{"line":198,"column":25}},"loc":{"start":{"line":198,"column":90},"end":{"line":235,"column":null}},"line":198},"17":{"name":"(anonymous_17)","decl":{"start":{"line":206,"column":41},"end":{"line":206,"column":48}},"loc":{"start":{"line":206,"column":48},"end":{"line":206,"column":84}},"line":206},"18":{"name":"(anonymous_18)","decl":{"start":{"line":209,"column":41},"end":{"line":209,"column":48}},"loc":{"start":{"line":209,"column":48},"end":{"line":209,"column":82}},"line":209},"19":{"name":"(anonymous_19)","decl":{"start":{"line":215,"column":25},"end":{"line":215,"column":32}},"loc":{"start":{"line":215,"column":32},"end":{"line":230,"column":5}},"line":215},"20":{"name":"(anonymous_20)","decl":{"start":{"line":233,"column":12},"end":{"line":233,"column":13}},"loc":{"start":{"line":233,"column":22},"end":{"line":233,"column":55}},"line":233},"21":{"name":"(anonymous_21)","decl":{"start":{"line":240,"column":2},"end":{"line":240,"column":12}},"loc":{"start":{"line":240,"column":93},"end":{"line":242,"column":null}},"line":240},"22":{"name":"(anonymous_22)","decl":{"start":{"line":244,"column":8},"end":{"line":244,"column":null}},"loc":{"start":{"line":246,"column":70},"end":{"line":266,"column":null}},"line":246},"23":{"name":"(anonymous_23)","decl":{"start":{"line":268,"column":8},"end":{"line":268,"column":40}},"loc":{"start":{"line":268,"column":40},"end":{"line":280,"column":null}},"line":268}},"branchMap":{"0":{"loc":{"start":{"line":79,"column":14},"end":{"line":79,"column":null}},"type":"binary-expr","locations":[{"start":{"line":79,"column":14},"end":{"line":79,"column":32}},{"start":{"line":79,"column":32},"end":{"line":79,"column":null}}],"line":79},"1":{"loc":{"start":{"line":97,"column":4},"end":{"line":99,"column":null}},"type":"if","locations":[{"start":{"line":97,"column":4},"end":{"line":99,"column":null}},{"start":{},"end":{}}],"line":97},"2":{"loc":{"start":{"line":97,"column":8},"end":{"line":97,"column":39}},"type":"binary-expr","locations":[{"start":{"line":97,"column":8},"end":{"line":97,"column":17}},{"start":{"line":97,"column":17},"end":{"line":97,"column":39}}],"line":97},"3":{"loc":{"start":{"line":114,"column":18},"end":{"line":114,"column":null}},"type":"binary-expr","locations":[{"start":{"line":114,"column":18},"end":{"line":114,"column":54}},{"start":{"line":114,"column":54},"end":{"line":114,"column":null}}],"line":114},"4":{"loc":{"start":{"line":125,"column":4},"end":{"line":134,"column":null}},"type":"if","locations":[{"start":{"line":125,"column":4},"end":{"line":134,"column":null}},{"start":{},"end":{}}],"line":125},"5":{"loc":{"start":{"line":139,"column":4},"end":{"line":141,"column":null}},"type":"if","locations":[{"start":{"line":139,"column":4},"end":{"line":141,"column":null}},{"start":{},"end":{}}],"line":139},"6":{"loc":{"start":{"line":142,"column":4},"end":{"line":144,"column":null}},"type":"if","locations":[{"start":{"line":142,"column":4},"end":{"line":144,"column":null}},{"start":{},"end":{}}],"line":142},"7":{"loc":{"start":{"line":145,"column":4},"end":{"line":147,"column":null}},"type":"if","locations":[{"start":{"line":145,"column":4},"end":{"line":147,"column":null}},{"start":{},"end":{}}],"line":145},"8":{"loc":{"start":{"line":149,"column":4},"end":{"line":158,"column":null}},"type":"if","locations":[{"start":{"line":149,"column":4},"end":{"line":158,"column":null}},{"start":{},"end":{}}],"line":149},"9":{"loc":{"start":{"line":191,"column":24},"end":{"line":191,"column":75}},"type":"default-arg","locations":[{"start":{"line":191,"column":40},"end":{"line":191,"column":75}}],"line":191},"10":{"loc":{"start":{"line":201,"column":4},"end":{"line":201,"column":null}},"type":"if","locations":[{"start":{"line":201,"column":4},"end":{"line":201,"column":null}},{"start":{},"end":{}}],"line":201},"11":{"loc":{"start":{"line":205,"column":4},"end":{"line":207,"column":null}},"type":"if","locations":[{"start":{"line":205,"column":4},"end":{"line":207,"column":null}},{"start":{},"end":{}}],"line":205},"12":{"loc":{"start":{"line":208,"column":4},"end":{"line":210,"column":null}},"type":"if","locations":[{"start":{"line":208,"column":4},"end":{"line":210,"column":null}},{"start":{},"end":{}}],"line":208},"13":{"loc":{"start":{"line":217,"column":23},"end":{"line":223,"column":null}},"type":"binary-expr","locations":[{"start":{"line":217,"column":23},"end":{"line":217,"column":56}},{"start":{"line":217,"column":56},"end":{"line":223,"column":null}}],"line":217},"14":{"loc":{"start":{"line":240,"column":46},"end":{"line":240,"column":93}},"type":"default-arg","locations":[{"start":{"line":240,"column":76},"end":{"line":240,"column":93}}],"line":240},"15":{"loc":{"start":{"line":248,"column":4},"end":{"line":250,"column":null}},"type":"if","locations":[{"start":{"line":248,"column":4},"end":{"line":250,"column":null}},{"start":{},"end":{}}],"line":248},"16":{"loc":{"start":{"line":255,"column":6},"end":{"line":257,"column":null}},"type":"cond-expr","locations":[{"start":{"line":256,"column":10},"end":{"line":256,"column":null}},{"start":{"line":257,"column":10},"end":{"line":257,"column":null}}],"line":255}},"s":{"0":4,"1":4,"2":8,"3":8,"4":8,"5":8,"6":0,"7":0,"8":0,"9":0,"10":0,"11":0,"12":8,"13":8,"14":5,"15":5,"16":1,"17":4,"18":4,"19":3,"20":3,"21":4,"22":3,"23":3,"24":4,"25":2,"26":3,"27":4,"28":1,"29":3,"30":6,"31":3,"32":6,"33":3,"34":6,"35":3,"36":6,"37":3,"38":0,"39":0,"40":0,"41":0,"42":0,"43":2,"44":2,"45":1,"46":1,"47":1,"48":0,"49":0,"50":1,"51":0,"52":0,"53":1,"54":1,"55":3,"56":3,"57":3,"58":3,"59":3,"60":3,"61":1,"62":1,"63":2,"64":3,"65":3,"66":1,"67":2,"68":2,"69":3,"70":2,"71":0,"72":0,"73":0,"74":0,"75":0,"76":4},"f":{"0":8,"1":0,"2":0,"3":0,"4":8,"5":5,"6":3,"7":3,"8":3,"9":6,"10":6,"11":6,"12":6,"13":0,"14":0,"15":0,"16":2,"17":0,"18":0,"19":3,"20":1,"21":2,"22":3,"23":0},"b":{"0":[8,3],"1":[0,0],"2":[0,0],"3":[8,5],"4":[1,4],"5":[3,1],"6":[3,1],"7":[2,2],"8":[1,3],"9":[0],"10":[1,1],"11":[0,1],"12":[0,1],"13":[3,2],"14":[2],"15":[1,2],"16":[0,2]},"meta":{"lastBranch":17,"lastFunction":24,"lastStatement":77,"seen":{"s:51:91:58:Infinity":0,"s:238:20:238:Infinity":1,"f:60:8:60:22":0,"s:61:24:61:Infinity":2,"s:62:26:66:Infinity":3,"s:68:31:82:Infinity":4,"b:79:14:79:32:79:32:79:Infinity":0,"s:84:4:84:Infinity":5,"f:87:8:87:22":1,"s:95:27:95:Infinity":6,"b:97:4:99:Infinity:undefined:undefined:undefined:undefined":1,"s:97:4:99:Infinity":7,"b:97:8:97:17:97:17:97:39":2,"s:98:6:98:Infinity":8,"s:101:4:110:Infinity":9,"f:102:14:102:21":2,"s:102:21:102:59":10,"f:103:11:103:19":3,"s:103:19:110:8":11,"f:113:10:113:24":4,"s:114:18:114:Infinity":12,"b:114:18:114:54:114:54:114:Infinity":3,"s:115:4:115:Infinity":13,"f:118:8:118:Infinity":5,"s:123:27:123:Infinity":14,"b:125:4:134:Infinity:undefined:undefined:undefined:undefined":4,"s:125:4:134:Infinity":15,"s:126:6:133:Infinity":16,"s:137:23:137:Infinity":17,"b:139:4:141:Infinity:undefined:undefined:undefined:undefined":5,"s:139:4:141:Infinity":18,"s:140:6:140:Infinity":19,"f:140:41:140:48":6,"s:140:48:140:84":20,"b:142:4:144:Infinity:undefined:undefined:undefined:undefined":6,"s:142:4:144:Infinity":21,"s:143:6:143:Infinity":22,"f:143:41:143:48":7,"s:143:48:143:82":23,"b:145:4:147:Infinity:undefined:undefined:undefined:undefined":7,"s:145:4:147:Infinity":24,"s:146:6:146:Infinity":25,"f:146:41:146:48":8,"s:146:48:146:76":26,"b:149:4:158:Infinity:undefined:undefined:undefined:undefined":8,"s:149:4:158:Infinity":27,"s:150:6:157:Infinity":28,"s:160:24:160:Infinity":29,"f:160:44:160:45":9,"s:160:58:160:82":30,"s:161:22:161:Infinity":31,"f:161:42:161:43":10,"s:161:56:161:82":32,"s:162:30:162:Infinity":33,"f:162:50:162:51":11,"s:162:64:162:92":34,"s:163:31:163:Infinity":35,"f:163:51:163:58":12,"s:163:58:163:82":36,"s:165:4:172:Infinity":37,"f:175:8:175:22":13,"s:180:20:184:Infinity":38,"s:185:4:188:Infinity":39,"f:191:8:191:24":14,"b:191:40:191:75":9,"s:192:22:192:Infinity":40,"s:193:4:195:Infinity":41,"f:194:12:194:13":15,"s:194:22:194:55":42,"f:198:8:198:25":16,"s:199:27:199:Infinity":43,"b:201:4:201:Infinity:undefined:undefined:undefined:undefined":10,"s:201:4:201:Infinity":44,"s:201:15:201:Infinity":45,"s:204:23:204:Infinity":46,"b:205:4:207:Infinity:undefined:undefined:undefined:undefined":11,"s:205:4:207:Infinity":47,"s:206:6:206:Infinity":48,"f:206:41:206:48":17,"s:206:48:206:84":49,"b:208:4:210:Infinity:undefined:undefined:undefined:undefined":12,"s:208:4:210:Infinity":50,"s:209:6:209:Infinity":51,"f:209:41:209:48":18,"s:209:48:209:82":52,"s:213:26:213:Infinity":53,"s:215:4:230:Infinity":54,"f:215:25:215:32":19,"s:216:25:216:Infinity":55,"s:217:23:223:Infinity":56,"b:217:23:217:56:217:56:223:Infinity":13,"s:225:6:225:Infinity":57,"s:226:6:226:Infinity":58,"s:227:6:227:Infinity":59,"s:229:6:229:Infinity":60,"s:232:4:234:Infinity":61,"f:233:12:233:13":20,"s:233:22:233:55":62,"f:240:2:240:12":21,"b:240:76:240:93":14,"s:241:4:241:Infinity":63,"f:244:8:244:Infinity":22,"s:247:19:247:Infinity":64,"b:248:4:250:Infinity:undefined:undefined:undefined:undefined":15,"s:248:4:250:Infinity":65,"s:249:6:249:Infinity":66,"s:253:16:253:Infinity":67,"s:255:6:257:Infinity":68,"b:256:10:256:Infinity:257:10:257:Infinity":16,"s:259:20:259:Infinity":69,"s:261:4:265:Infinity":70,"f:268:8:268:40":23,"s:270:27:270:Infinity":71,"s:271:4:278:Infinity":72,"s:272:21:272:Infinity":73,"s:273:6:277:Infinity":74,"s:279:4:279:Infinity":75,"s:283:36:283:Infinity":76}}}
}
